c:\users\tohdj\documents\2021_2022_sem2\dm2234 3dgc\teaching materials\nyp_framework_week17_solution_releasemode\library\release\library.pdb
c:\users\tohdj\documents\2021_2022_sem2\dm2234 3dgc\teaching materials\nyp_framework_week17_solution_releasemode\library\release\shadermanager.obj
c:\users\tohdj\documents\2021_2022_sem2\dm2234 3dgc\teaching materials\nyp_framework_week17_solution_releasemode\library\release\spriteanimation.obj
c:\users\tohdj\documents\2021_2022_sem2\dm2234 3dgc\teaching materials\nyp_framework_week17_solution_releasemode\library\release\meshbuilder.obj
c:\users\tohdj\documents\2021_2022_sem2\dm2234 3dgc\teaching materials\nyp_framework_week17_solution_releasemode\library\release\mesh.obj
c:\users\tohdj\documents\2021_2022_sem2\dm2234 3dgc\teaching materials\nyp_framework_week17_solution_releasemode\library\release\levelofdetails.obj
c:\users\tohdj\documents\2021_2022_sem2\dm2234 3dgc\teaching materials\nyp_framework_week17_solution_releasemode\library\release\entity3d.obj
c:\users\tohdj\documents\2021_2022_sem2\dm2234 3dgc\teaching materials\nyp_framework_week17_solution_releasemode\library\release\entity2d.obj
c:\users\tohdj\documents\2021_2022_sem2\dm2234 3dgc\teaching materials\nyp_framework_week17_solution_releasemode\library\release\collisionmanager.obj
c:\users\tohdj\documents\2021_2022_sem2\dm2234 3dgc\teaching materials\nyp_framework_week17_solution_releasemode\library\release\collider.obj
c:\users\tohdj\documents\2021_2022_sem2\dm2234 3dgc\teaching materials\nyp_framework_week17_solution_releasemode\library\release\mousecontroller.obj
c:\users\tohdj\documents\2021_2022_sem2\dm2234 3dgc\teaching materials\nyp_framework_week17_solution_releasemode\library\release\keyboardcontroller.obj
c:\users\tohdj\documents\2021_2022_sem2\dm2234 3dgc\teaching materials\nyp_framework_week17_solution_releasemode\library\release\imgui_widgets.obj
c:\users\tohdj\documents\2021_2022_sem2\dm2234 3dgc\teaching materials\nyp_framework_week17_solution_releasemode\library\release\imgui_tables.obj
c:\users\tohdj\documents\2021_2022_sem2\dm2234 3dgc\teaching materials\nyp_framework_week17_solution_releasemode\library\release\imgui_draw.obj
c:\users\tohdj\documents\2021_2022_sem2\dm2234 3dgc\teaching materials\nyp_framework_week17_solution_releasemode\library\release\imgui_demo.obj
c:\users\tohdj\documents\2021_2022_sem2\dm2234 3dgc\teaching materials\nyp_framework_week17_solution_releasemode\library\release\imgui.obj
c:\users\tohdj\documents\2021_2022_sem2\dm2234 3dgc\teaching materials\nyp_framework_week17_solution_releasemode\library\release\gui.obj
c:\users\tohdj\documents\2021_2022_sem2\dm2234 3dgc\teaching materials\nyp_framework_week17_solution_releasemode\library\release\imgui_impl_opengl3.obj
c:\users\tohdj\documents\2021_2022_sem2\dm2234 3dgc\teaching materials\nyp_framework_week17_solution_releasemode\library\release\imgui_impl_glfw.obj
c:\users\tohdj\documents\2021_2022_sem2\dm2234 3dgc\teaching materials\nyp_framework_week17_solution_releasemode\library\release\settings.obj
c:\users\tohdj\documents\2021_2022_sem2\dm2234 3dgc\teaching materials\nyp_framework_week17_solution_releasemode\library\release\stopwatch.obj
c:\users\tohdj\documents\2021_2022_sem2\dm2234 3dgc\teaching materials\nyp_framework_week17_solution_releasemode\library\release\fpscounter.obj
c:\users\tohdj\documents\2021_2022_sem2\dm2234 3dgc\teaching materials\nyp_framework_week17_solution_releasemode\library\release\loadobj.obj
c:\users\tohdj\documents\2021_2022_sem2\dm2234 3dgc\teaching materials\nyp_framework_week17_solution_releasemode\library\release\imageloader.obj
c:\users\tohdj\documents\2021_2022_sem2\dm2234 3dgc\teaching materials\nyp_framework_week17_solution_releasemode\library\release\csvwriter.obj
c:\users\tohdj\documents\2021_2022_sem2\dm2234 3dgc\teaching materials\nyp_framework_week17_solution_releasemode\library\release\csvreader.obj
c:\users\tohdj\documents\2021_2022_sem2\dm2234 3dgc\teaching materials\nyp_framework_week17_solution_releasemode\library\release\textrenderer.obj
c:\users\tohdj\documents\2021_2022_sem2\dm2234 3dgc\teaching materials\nyp_framework_week17_solution_releasemode\release\library.lib
c:\users\tohdj\documents\2021_2022_sem2\dm2234 3dgc\teaching materials\nyp_framework_week17_solution_releasemode\library\release\library.tlog\cl.command.1.tlog
c:\users\tohdj\documents\2021_2022_sem2\dm2234 3dgc\teaching materials\nyp_framework_week17_solution_releasemode\library\release\library.tlog\cl.read.1.tlog
c:\users\tohdj\documents\2021_2022_sem2\dm2234 3dgc\teaching materials\nyp_framework_week17_solution_releasemode\library\release\library.tlog\cl.write.1.tlog
c:\users\tohdj\documents\2021_2022_sem2\dm2234 3dgc\teaching materials\nyp_framework_week17_solution_releasemode\library\release\library.tlog\lib-link.write.1.tlog
c:\users\tohdj\documents\2021_2022_sem2\dm2234 3dgc\teaching materials\nyp_framework_week17_solution_releasemode\library\release\library.tlog\lib.command.1.tlog
c:\users\tohdj\documents\2021_2022_sem2\dm2234 3dgc\teaching materials\nyp_framework_week17_solution_releasemode\library\release\library.tlog\lib.read.1.tlog
c:\users\tohdj\documents\2021_2022_sem2\dm2234 3dgc\teaching materials\nyp_framework_week17_solution_releasemode\library\release\library.tlog\metagen.read.1.tlog
c:\users\tohdj\documents\2021_2022_sem2\dm2234 3dgc\teaching materials\nyp_framework_week17_solution_releasemode\library\release\library.tlog\metagen.write.1.tlog
