c:\users\tohdj\documents\2021_2022_sem2\dm2234 3dgc\teaching materials\nyp_framework_week17_solution_releasemode\app\release\vc142.pdb
c:\users\tohdj\documents\2021_2022_sem2\dm2234 3dgc\teaching materials\nyp_framework_week17_solution_releasemode\app\release\camera.obj
c:\users\tohdj\documents\2021_2022_sem2\dm2234 3dgc\teaching materials\nyp_framework_week17_solution_releasemode\app\release\fsm.obj
c:\users\tohdj\documents\2021_2022_sem2\dm2234 3dgc\teaching materials\nyp_framework_week17_solution_releasemode\app\release\scene2d.obj
c:\users\tohdj\documents\2021_2022_sem2\dm2234 3dgc\teaching materials\nyp_framework_week17_solution_releasemode\app\release\player2d.obj
c:\users\tohdj\documents\2021_2022_sem2\dm2234 3dgc\teaching materials\nyp_framework_week17_solution_releasemode\app\release\physics2d.obj
c:\users\tohdj\documents\2021_2022_sem2\dm2234 3dgc\teaching materials\nyp_framework_week17_solution_releasemode\app\release\map2d.obj
c:\users\tohdj\documents\2021_2022_sem2\dm2234 3dgc\teaching materials\nyp_framework_week17_solution_releasemode\app\release\inventorymanager.obj
c:\users\tohdj\documents\2021_2022_sem2\dm2234 3dgc\teaching materials\nyp_framework_week17_solution_releasemode\app\release\inventoryitem.obj
c:\users\tohdj\documents\2021_2022_sem2\dm2234 3dgc\teaching materials\nyp_framework_week17_solution_releasemode\app\release\gui_scene2d.obj
c:\users\tohdj\documents\2021_2022_sem2\dm2234 3dgc\teaching materials\nyp_framework_week17_solution_releasemode\app\release\gamemanager.obj
c:\users\tohdj\documents\2021_2022_sem2\dm2234 3dgc\teaching materials\nyp_framework_week17_solution_releasemode\app\release\enemy2d.obj
c:\users\tohdj\documents\2021_2022_sem2\dm2234 3dgc\teaching materials\nyp_framework_week17_solution_releasemode\app\release\backgroundentity.obj
c:\users\tohdj\documents\2021_2022_sem2\dm2234 3dgc\teaching materials\nyp_framework_week17_solution_releasemode\app\release\main.obj
c:\users\tohdj\documents\2021_2022_sem2\dm2234 3dgc\teaching materials\nyp_framework_week17_solution_releasemode\app\release\playgamestate.obj
c:\users\tohdj\documents\2021_2022_sem2\dm2234 3dgc\teaching materials\nyp_framework_week17_solution_releasemode\app\release\play3dgamestate.obj
c:\users\tohdj\documents\2021_2022_sem2\dm2234 3dgc\teaching materials\nyp_framework_week17_solution_releasemode\app\release\pausestate.obj
c:\users\tohdj\documents\2021_2022_sem2\dm2234 3dgc\teaching materials\nyp_framework_week17_solution_releasemode\app\release\menustate.obj
c:\users\tohdj\documents\2021_2022_sem2\dm2234 3dgc\teaching materials\nyp_framework_week17_solution_releasemode\app\release\introstate.obj
c:\users\tohdj\documents\2021_2022_sem2\dm2234 3dgc\teaching materials\nyp_framework_week17_solution_releasemode\app\release\gamestatemanager.obj
c:\users\tohdj\documents\2021_2022_sem2\dm2234 3dgc\teaching materials\nyp_framework_week17_solution_releasemode\app\release\application.obj
c:\users\tohdj\documents\2021_2022_sem2\dm2234 3dgc\teaching materials\nyp_framework_week17_solution_releasemode\app\release\scenenode.obj
c:\users\tohdj\documents\2021_2022_sem2\dm2234 3dgc\teaching materials\nyp_framework_week17_solution_releasemode\app\release\scene3d.obj
c:\users\tohdj\documents\2021_2022_sem2\dm2234 3dgc\teaching materials\nyp_framework_week17_solution_releasemode\app\release\physics3d.obj
c:\users\tohdj\documents\2021_2022_sem2\dm2234 3dgc\teaching materials\nyp_framework_week17_solution_releasemode\app\release\minimap.obj
c:\users\tohdj\documents\2021_2022_sem2\dm2234 3dgc\teaching materials\nyp_framework_week17_solution_releasemode\app\release\gui_scene3d.obj
c:\users\tohdj\documents\2021_2022_sem2\dm2234 3dgc\teaching materials\nyp_framework_week17_solution_releasemode\app\release\treekabak3d.obj
c:\users\tohdj\documents\2021_2022_sem2\dm2234 3dgc\teaching materials\nyp_framework_week17_solution_releasemode\app\release\structure3d.obj
c:\users\tohdj\documents\2021_2022_sem2\dm2234 3dgc\teaching materials\nyp_framework_week17_solution_releasemode\app\release\solidobjectmanager.obj
c:\users\tohdj\documents\2021_2022_sem2\dm2234 3dgc\teaching materials\nyp_framework_week17_solution_releasemode\app\release\solidobject.obj
c:\users\tohdj\documents\2021_2022_sem2\dm2234 3dgc\teaching materials\nyp_framework_week17_solution_releasemode\app\release\rock3d.obj
c:\users\tohdj\documents\2021_2022_sem2\dm2234 3dgc\teaching materials\nyp_framework_week17_solution_releasemode\app\release\player3d.obj
c:\users\tohdj\documents\2021_2022_sem2\dm2234 3dgc\teaching materials\nyp_framework_week17_solution_releasemode\app\release\hut_concrete.obj
c:\users\tohdj\documents\2021_2022_sem2\dm2234 3dgc\teaching materials\nyp_framework_week17_solution_releasemode\app\release\entitymanager.obj
c:\users\tohdj\documents\2021_2022_sem2\dm2234 3dgc\teaching materials\nyp_framework_week17_solution_releasemode\app\release\enemy3d.obj
c:\users\tohdj\documents\2021_2022_sem2\dm2234 3dgc\teaching materials\nyp_framework_week17_solution_releasemode\app\release\scopescreen.obj
c:\users\tohdj\documents\2021_2022_sem2\dm2234 3dgc\teaching materials\nyp_framework_week17_solution_releasemode\app\release\crosshair.obj
c:\users\tohdj\documents\2021_2022_sem2\dm2234 3dgc\teaching materials\nyp_framework_week17_solution_releasemode\app\release\camerashake.obj
c:\users\tohdj\documents\2021_2022_sem2\dm2234 3dgc\teaching materials\nyp_framework_week17_solution_releasemode\app\release\cameraeffectsmanager.obj
c:\users\tohdj\documents\2021_2022_sem2\dm2234 3dgc\teaching materials\nyp_framework_week17_solution_releasemode\app\release\cameraeffects.obj
c:\users\tohdj\documents\2021_2022_sem2\dm2234 3dgc\teaching materials\nyp_framework_week17_solution_releasemode\app\release\bloodscreen.obj
c:\users\tohdj\documents\2021_2022_sem2\dm2234 3dgc\teaching materials\nyp_framework_week17_solution_releasemode\app\release\soundinfo.obj
c:\users\tohdj\documents\2021_2022_sem2\dm2234 3dgc\teaching materials\nyp_framework_week17_solution_releasemode\app\release\soundcontroller.obj
c:\users\tohdj\documents\2021_2022_sem2\dm2234 3dgc\teaching materials\nyp_framework_week17_solution_releasemode\app\release\weaponinfo.obj
c:\users\tohdj\documents\2021_2022_sem2\dm2234 3dgc\teaching materials\nyp_framework_week17_solution_releasemode\app\release\projectilemanager.obj
c:\users\tohdj\documents\2021_2022_sem2\dm2234 3dgc\teaching materials\nyp_framework_week17_solution_releasemode\app\release\projectile.obj
c:\users\tohdj\documents\2021_2022_sem2\dm2234 3dgc\teaching materials\nyp_framework_week17_solution_releasemode\app\release\pistol.obj
c:\users\tohdj\documents\2021_2022_sem2\dm2234 3dgc\teaching materials\nyp_framework_week17_solution_releasemode\app\release\waypointmanager.obj
c:\users\tohdj\documents\2021_2022_sem2\dm2234 3dgc\teaching materials\nyp_framework_week17_solution_releasemode\app\release\waypoint.obj
c:\users\tohdj\documents\2021_2022_sem2\dm2234 3dgc\teaching materials\nyp_framework_week17_solution_releasemode\app\release\vertexbufferobject.obj
c:\users\tohdj\documents\2021_2022_sem2\dm2234 3dgc\teaching materials\nyp_framework_week17_solution_releasemode\app\release\texture.obj
c:\users\tohdj\documents\2021_2022_sem2\dm2234 3dgc\teaching materials\nyp_framework_week17_solution_releasemode\app\release\terrain.obj
c:\users\tohdj\documents\2021_2022_sem2\dm2234 3dgc\teaching materials\nyp_framework_week17_solution_releasemode\app\release\skybox.obj
c:\users\tohdj\documents\2021_2022_sem2\dm2234 3dgc\teaching materials\nyp_framework_week17_solution_releasemode\app\release\spintower.obj
c:\users\tohdj\documents\2021_2022_sem2\dm2234 3dgc\teaching materials\nyp_framework_week17_solution_releasemode\release\app.exe
c:\users\tohdj\documents\2021_2022_sem2\dm2234 3dgc\teaching materials\nyp_framework_week17_solution_releasemode\app\release\app.ipdb
c:\users\tohdj\documents\2021_2022_sem2\dm2234 3dgc\teaching materials\nyp_framework_week17_solution_releasemode\app\release\app.iobj
c:\users\tohdj\documents\2021_2022_sem2\dm2234 3dgc\teaching materials\nyp_framework_week17_solution_releasemode\release\app.pdb
c:\users\tohdj\documents\2021_2022_sem2\dm2234 3dgc\teaching materials\nyp_framework_week17_solution_releasemode\app\release\app.tlog\cl.command.1.tlog
c:\users\tohdj\documents\2021_2022_sem2\dm2234 3dgc\teaching materials\nyp_framework_week17_solution_releasemode\app\release\app.tlog\cl.read.1.tlog
c:\users\tohdj\documents\2021_2022_sem2\dm2234 3dgc\teaching materials\nyp_framework_week17_solution_releasemode\app\release\app.tlog\cl.write.1.tlog
c:\users\tohdj\documents\2021_2022_sem2\dm2234 3dgc\teaching materials\nyp_framework_week17_solution_releasemode\app\release\app.tlog\link.command.1.tlog
c:\users\tohdj\documents\2021_2022_sem2\dm2234 3dgc\teaching materials\nyp_framework_week17_solution_releasemode\app\release\app.tlog\link.read.1.tlog
c:\users\tohdj\documents\2021_2022_sem2\dm2234 3dgc\teaching materials\nyp_framework_week17_solution_releasemode\app\release\app.tlog\link.write.1.tlog
