d:\nyp\sp3\nyp_framework_week01\debug\liabary.pdb
d:\nyp\sp3\nyp_framework_week01\debug\liabary.idb
d:\nyp\sp3\nyp_framework_week01\library\debug\imageloader.obj
d:\nyp\sp3\nyp_framework_week01\library\debug\shadermanager.obj
d:\nyp\sp3\nyp_framework_week01\library\debug\spriteanimation.obj
d:\nyp\sp3\nyp_framework_week01\library\debug\meshbuilder.obj
d:\nyp\sp3\nyp_framework_week01\library\debug\mesh.obj
d:\nyp\sp3\nyp_framework_week01\library\debug\levelofdetails.obj
d:\nyp\sp3\nyp_framework_week01\library\debug\entity3d.obj
d:\nyp\sp3\nyp_framework_week01\library\debug\entity2d.obj
d:\nyp\sp3\nyp_framework_week01\library\debug\collisionmanager.obj
d:\nyp\sp3\nyp_framework_week01\library\debug\collider.obj
d:\nyp\sp3\nyp_framework_week01\library\debug\mousecontroller.obj
d:\nyp\sp3\nyp_framework_week01\library\debug\keyboardcontroller.obj
d:\nyp\sp3\nyp_framework_week01\library\debug\imgui_widgets.obj
d:\nyp\sp3\nyp_framework_week01\library\debug\imgui_tables.obj
d:\nyp\sp3\nyp_framework_week01\library\debug\imgui_draw.obj
d:\nyp\sp3\nyp_framework_week01\library\debug\imgui_demo.obj
d:\nyp\sp3\nyp_framework_week01\library\debug\imgui.obj
d:\nyp\sp3\nyp_framework_week01\library\debug\imgui_impl_opengl3.obj
d:\nyp\sp3\nyp_framework_week01\library\debug\imgui_impl_glfw.obj
d:\nyp\sp3\nyp_framework_week01\library\debug\settings.obj
d:\nyp\sp3\nyp_framework_week01\library\debug\stopwatch.obj
d:\nyp\sp3\nyp_framework_week01\library\debug\fpscounter.obj
d:\nyp\sp3\nyp_framework_week01\library\debug\loadobj.obj
d:\nyp\sp3\nyp_framework_week01\debug\liabary.lib
d:\nyp\sp3\nyp_framework_week01\library\debug\liabary.idb
d:\nyp\sp3\nyp_framework_week01\library\debug\liabary.pdb
d:\nyp\sp3\nyp_framework_week01\library\debug\liabary.tlog\cl.command.1.tlog
d:\nyp\sp3\nyp_framework_week01\library\debug\liabary.tlog\cl.read.1.tlog
d:\nyp\sp3\nyp_framework_week01\library\debug\liabary.tlog\cl.write.1.tlog
d:\nyp\sp3\nyp_framework_week01\library\debug\liabary.tlog\lib-link.read.1.tlog
d:\nyp\sp3\nyp_framework_week01\library\debug\liabary.tlog\lib-link.write.1.tlog
d:\nyp\sp3\nyp_framework_week01\library\debug\liabary.tlog\lib.command.1.tlog
