C:\Program Files (x86)\Microsoft Visual Studio\2019\Community\MSBuild\Microsoft\VC\v160\Microsoft.CppBuild.targets(491,5): warning MSB8028: The intermediate directory (Debug\) contains files shared from another project (Library.vcxproj, m.vcxproj).  This can lead to incorrect clean and rebuild behavior.
  imgui_impl_glfw.cpp
  imgui_impl_opengl3.cpp
  imgui.cpp
  imgui_demo.cpp
  imgui_draw.cpp
  imgui_tables.cpp
  imgui_widgets.cpp
  Settings.cpp
  KeyboardController.cpp
  MouseController.cpp
  Collider.cpp
  CollisionManager.cpp
  Entity2D.cpp
  Entity3D.cpp
  LevelOfDetails.cpp
  Mesh.cpp
  MeshBuilder.cpp
  SpriteAnimation.cpp
C:\NYP school\Year2Sem1\SP3\NYP_Framework_Week01\Library\Source\Primitives\SpriteAnimation.cpp(75,62): warning C4244: 'argument': conversion from 'double' to 'const unsigned int', possible loss of data
  ShaderManager.cpp
  ImageLoader.cpp
  Generating Code...
  Compiling...
  LoadOBJ.cpp
  FPSCounter.cpp
  StopWatch.cpp
  Generating Code...
  Library.vcxproj -> C:\NYP school\Year2Sem1\SP3\NYP_Framework_Week01\Debug\liabary.lib
