  Application.cpp
  PlayGameState.cpp
C:\Program Files (x86)\Windows Kits\10\Include\10.0.18362.0\shared\minwindef.h(130,1): warning C4005: 'APIENTRY': macro redefinition
C:\NYP school\Year2Sem1\SP3\NYP_Framework_Week01\glfw\include\GLFW\glfw3.h(98): message : see previous definition of 'APIENTRY'
  Enemy2D.cpp
C:\NYP school\Year2Sem1\SP3\NYP_Framework_Week01\App\Source\Scene2D\Enemy2D.cpp(302,30): warning C4244: '+=': conversion from 'const double' to 'float', possible loss of data
C:\NYP school\Year2Sem1\SP3\NYP_Framework_Week01\App\Source\Scene2D\Enemy2D.cpp(349,79): warning C4244: 'argument': conversion from 'T' to 'const int', possible loss of data
          with
          [
              T=float
          ]
C:\NYP school\Year2Sem1\SP3\NYP_Framework_Week01\App\Source\Scene2D\Enemy2D.cpp(350,79): warning C4244: 'argument': conversion from 'T' to 'const int', possible loss of data
          with
          [
              T=float
          ]
C:\NYP school\Year2Sem1\SP3\NYP_Framework_Week01\App\Source\Scene2D\Enemy2D.cpp(424,22): warning C4244: '=': conversion from 'const int' to 'T', possible loss of data
          with
          [
              T=float
          ]
C:\NYP school\Year2Sem1\SP3\NYP_Framework_Week01\App\Source\Scene2D\Enemy2D.cpp(425,22): warning C4244: '=': conversion from 'const int' to 'T', possible loss of data
          with
          [
              T=float
          ]
C:\NYP school\Year2Sem1\SP3\NYP_Framework_Week01\App\Source\Scene2D\Enemy2D.cpp(435,33): warning C4244: '=': conversion from 'const int' to 'T', possible loss of data
          with
          [
              T=float
          ]
C:\NYP school\Year2Sem1\SP3\NYP_Framework_Week01\App\Source\Scene2D\Enemy2D.cpp(436,33): warning C4244: '=': conversion from 'const int' to 'T', possible loss of data
          with
          [
              T=float
          ]
C:\NYP school\Year2Sem1\SP3\NYP_Framework_Week01\App\Source\Scene2D\Enemy2D.cpp(477,52): warning C4244: '=': conversion from 'int' to 'T', possible loss of data
          with
          [
              T=float
          ]
C:\NYP school\Year2Sem1\SP3\NYP_Framework_Week01\App\Source\Scene2D\Enemy2D.cpp(485,52): warning C4244: '=': conversion from 'int' to 'T', possible loss of data
          with
          [
              T=float
          ]
C:\NYP school\Year2Sem1\SP3\NYP_Framework_Week01\App\Source\Scene2D\Enemy2D.cpp(515,49): warning C4244: 'argument': conversion from 'T' to 'const unsigned int', possible loss of data
          with
          [
              T=float
          ]
C:\NYP school\Year2Sem1\SP3\NYP_Framework_Week01\App\Source\Scene2D\Enemy2D.cpp(515,36): warning C4244: 'argument': conversion from 'T' to 'const unsigned int', possible loss of data
          with
          [
              T=float
          ]
C:\NYP school\Year2Sem1\SP3\NYP_Framework_Week01\App\Source\Scene2D\Enemy2D.cpp(524,50): warning C4244: 'argument': conversion from 'T' to 'const unsigned int', possible loss of data
          with
          [
              T=float
          ]
C:\NYP school\Year2Sem1\SP3\NYP_Framework_Week01\App\Source\Scene2D\Enemy2D.cpp(524,37): warning C4244: 'argument': conversion from 'T' to 'const unsigned int', possible loss of data
          with
          [
              T=float
          ]
C:\NYP school\Year2Sem1\SP3\NYP_Framework_Week01\App\Source\Scene2D\Enemy2D.cpp(525,51): warning C4244: 'argument': conversion from 'T' to 'const unsigned int', possible loss of data
          with
          [
              T=float
          ]
C:\NYP school\Year2Sem1\SP3\NYP_Framework_Week01\App\Source\Scene2D\Enemy2D.cpp(525,37): warning C4244: 'argument': conversion from 'T' to 'const unsigned int', possible loss of data
          with
          [
              T=float
          ]
C:\NYP school\Year2Sem1\SP3\NYP_Framework_Week01\App\Source\Scene2D\Enemy2D.cpp(544,52): warning C4244: 'argument': conversion from 'T' to 'const unsigned int', possible loss of data
          with
          [
              T=float
          ]
C:\NYP school\Year2Sem1\SP3\NYP_Framework_Week01\App\Source\Scene2D\Enemy2D.cpp(544,36): warning C4244: 'argument': conversion from 'T' to 'const unsigned int', possible loss of data
          with
          [
              T=float
          ]
C:\NYP school\Year2Sem1\SP3\NYP_Framework_Week01\App\Source\Scene2D\Enemy2D.cpp(553,53): warning C4244: 'argument': conversion from 'T' to 'const unsigned int', possible loss of data
          with
          [
              T=float
          ]
C:\NYP school\Year2Sem1\SP3\NYP_Framework_Week01\App\Source\Scene2D\Enemy2D.cpp(553,37): warning C4244: 'argument': conversion from 'T' to 'const unsigned int', possible loss of data
          with
          [
              T=float
          ]
C:\NYP school\Year2Sem1\SP3\NYP_Framework_Week01\App\Source\Scene2D\Enemy2D.cpp(554,54): warning C4244: 'argument': conversion from 'T' to 'const unsigned int', possible loss of data
          with
          [
              T=float
          ]
C:\NYP school\Year2Sem1\SP3\NYP_Framework_Week01\App\Source\Scene2D\Enemy2D.cpp(554,37): warning C4244: 'argument': conversion from 'T' to 'const unsigned int', possible loss of data
          with
          [
              T=float
          ]
C:\NYP school\Year2Sem1\SP3\NYP_Framework_Week01\App\Source\Scene2D\Enemy2D.cpp(574,53): warning C4244: 'argument': conversion from 'T' to 'const unsigned int', possible loss of data
          with
          [
              T=float
          ]
C:\NYP school\Year2Sem1\SP3\NYP_Framework_Week01\App\Source\Scene2D\Enemy2D.cpp(574,39): warning C4244: 'argument': conversion from 'T' to 'const unsigned int', possible loss of data
          with
          [
              T=float
          ]
C:\NYP school\Year2Sem1\SP3\NYP_Framework_Week01\App\Source\Scene2D\Enemy2D.cpp(583,54): warning C4244: 'argument': conversion from 'T' to 'const unsigned int', possible loss of data
          with
          [
              T=float
          ]
C:\NYP school\Year2Sem1\SP3\NYP_Framework_Week01\App\Source\Scene2D\Enemy2D.cpp(583,40): warning C4244: 'argument': conversion from 'T' to 'const unsigned int', possible loss of data
          with
          [
              T=float
          ]
C:\NYP school\Year2Sem1\SP3\NYP_Framework_Week01\App\Source\Scene2D\Enemy2D.cpp(584,54): warning C4244: 'argument': conversion from 'T' to 'const unsigned int', possible loss of data
          with
          [
              T=float
          ]
C:\NYP school\Year2Sem1\SP3\NYP_Framework_Week01\App\Source\Scene2D\Enemy2D.cpp(584,37): warning C4244: 'argument': conversion from 'T' to 'const unsigned int', possible loss of data
          with
          [
              T=float
          ]
C:\NYP school\Year2Sem1\SP3\NYP_Framework_Week01\App\Source\Scene2D\Enemy2D.cpp(596,49): warning C4244: 'argument': conversion from 'T' to 'const unsigned int', possible loss of data
          with
          [
              T=float
          ]
C:\NYP school\Year2Sem1\SP3\NYP_Framework_Week01\App\Source\Scene2D\Enemy2D.cpp(596,36): warning C4244: 'argument': conversion from 'T' to 'const unsigned int', possible loss of data
          with
          [
              T=float
          ]
C:\NYP school\Year2Sem1\SP3\NYP_Framework_Week01\App\Source\Scene2D\Enemy2D.cpp(605,50): warning C4244: 'argument': conversion from 'T' to 'const unsigned int', possible loss of data
          with
          [
              T=float
          ]
C:\NYP school\Year2Sem1\SP3\NYP_Framework_Week01\App\Source\Scene2D\Enemy2D.cpp(605,37): warning C4244: 'argument': conversion from 'T' to 'const unsigned int', possible loss of data
          with
          [
              T=float
          ]
C:\NYP school\Year2Sem1\SP3\NYP_Framework_Week01\App\Source\Scene2D\Enemy2D.cpp(606,50): warning C4244: 'argument': conversion from 'T' to 'const unsigned int', possible loss of data
          with
          [
              T=float
          ]
C:\NYP school\Year2Sem1\SP3\NYP_Framework_Week01\App\Source\Scene2D\Enemy2D.cpp(606,34): warning C4244: 'argument': conversion from 'T' to 'const unsigned int', possible loss of data
          with
          [
              T=float
          ]
C:\NYP school\Year2Sem1\SP3\NYP_Framework_Week01\App\Source\Scene2D\Enemy2D.cpp(629,49): warning C4244: 'argument': conversion from 'T' to 'const unsigned int', possible loss of data
          with
          [
              T=float
          ]
C:\NYP school\Year2Sem1\SP3\NYP_Framework_Week01\App\Source\Scene2D\Enemy2D.cpp(629,35): warning C4244: 'argument': conversion from 'T' to 'const unsigned int', possible loss of data
          with
          [
              T=float
          ]
C:\NYP school\Year2Sem1\SP3\NYP_Framework_Week01\App\Source\Scene2D\Enemy2D.cpp(650,24): warning C4244: 'initializing': conversion from 'T' to 'int', possible loss of data
          with
          [
              T=float
          ]
C:\NYP school\Year2Sem1\SP3\NYP_Framework_Week01\App\Source\Scene2D\Enemy2D.cpp(670,29): warning C4244: 'initializing': conversion from 'T' to 'int', possible loss of data
          with
          [
              T=float
          ]
C:\NYP school\Year2Sem1\SP3\NYP_Framework_Week01\App\Source\Scene2D\Enemy2D.cpp(674,18): warning C4244: '=': conversion from 'int' to 'T', possible loss of data
          with
          [
              T=float
          ]
C:\NYP school\Year2Sem1\SP3\NYP_Framework_Week01\App\Source\Scene2D\Enemy2D.cpp(704,24): warning C4244: 'initializing': conversion from 'T' to 'int', possible loss of data
          with
          [
              T=float
          ]
C:\NYP school\Year2Sem1\SP3\NYP_Framework_Week01\App\Source\Scene2D\Enemy2D.cpp(711,60): warning C4244: '-=': conversion from 'double' to 'T', possible loss of data
          with
          [
              T=float
          ]
C:\NYP school\Year2Sem1\SP3\NYP_Framework_Week01\App\Source\Scene2D\Enemy2D.cpp(714,73): warning C4244: '=': conversion from 'int' to 'T', possible loss of data
          with
          [
              T=float
          ]
C:\NYP school\Year2Sem1\SP3\NYP_Framework_Week01\App\Source\Scene2D\Enemy2D.cpp(724,29): warning C4244: 'initializing': conversion from 'T' to 'int', possible loss of data
          with
          [
              T=float
          ]
C:\NYP school\Year2Sem1\SP3\NYP_Framework_Week01\App\Source\Scene2D\Enemy2D.cpp(728,18): warning C4244: '=': conversion from 'int' to 'T', possible loss of data
          with
          [
              T=float
          ]
C:\NYP school\Year2Sem1\SP3\NYP_Framework_Week01\App\Source\Scene2D\Enemy2D.cpp(734,22): warning C4244: '=': conversion from 'int' to 'T', possible loss of data
          with
          [
              T=float
          ]
C:\NYP school\Year2Sem1\SP3\NYP_Framework_Week01\App\Source\Scene2D\Enemy2D.cpp(775,38): warning C4244: '-=': conversion from 'float' to 'int', possible loss of data
C:\NYP school\Year2Sem1\SP3\NYP_Framework_Week01\App\Source\Scene2D\Enemy2D.cpp(799,13): warning C4244: 'initializing': conversion from 'double' to 'float', possible loss of data
C:\NYP school\Year2Sem1\SP3\NYP_Framework_Week01\App\Source\Scene2D\Enemy2D.cpp(800,13): warning C4244: 'initializing': conversion from 'double' to 'float', possible loss of data
C:\NYP school\Year2Sem1\SP3\NYP_Framework_Week01\App\Source\Scene2D\Enemy2D.cpp(813,39): warning C4244: '-=': conversion from 'float' to 'int', possible loss of data
C:\NYP school\Year2Sem1\SP3\NYP_Framework_Week01\App\Source\Scene2D\Enemy2D.cpp(817,39): warning C4244: '-=': conversion from 'float' to 'int', possible loss of data
C:\NYP school\Year2Sem1\SP3\NYP_Framework_Week01\App\Source\Scene2D\Enemy2D.cpp(845,34): warning C4244: '=': conversion from 'int' to 'T', possible loss of data
          with
          [
              T=float
          ]
C:\NYP school\Year2Sem1\SP3\NYP_Framework_Week01\App\Source\Scene2D\Enemy2D.cpp(846,34): warning C4244: '=': conversion from 'int' to 'T', possible loss of data
          with
          [
              T=float
          ]
C:\NYP school\Year2Sem1\SP3\NYP_Framework_Week01\App\Source\Scene2D\Enemy2D.cpp(875,34): warning C4244: 'initializing': conversion from 'T' to 'int', possible loss of data
          with
          [
              T=float
          ]
C:\NYP school\Year2Sem1\SP3\NYP_Framework_Week01\App\Source\Scene2D\Enemy2D.cpp(875,23): warning C4244: 'initializing': conversion from 'T' to 'const int', possible loss of data
          with
          [
              T=float
          ]
C:\NYP school\Year2Sem1\SP3\NYP_Framework_Week01\App\Source\Scene2D\Enemy2D.cpp(881,73): warning C4244: '=': conversion from 'int' to 'T', possible loss of data
          with
          [
              T=float
          ]
C:\NYP school\Year2Sem1\SP3\NYP_Framework_Week01\App\Source\Scene2D\Enemy2D.cpp(907,34): warning C4244: 'initializing': conversion from 'T' to 'int', possible loss of data
          with
          [
              T=float
          ]
C:\NYP school\Year2Sem1\SP3\NYP_Framework_Week01\App\Source\Scene2D\Enemy2D.cpp(907,23): warning C4244: 'initializing': conversion from 'T' to 'const int', possible loss of data
          with
          [
              T=float
          ]
C:\NYP school\Year2Sem1\SP3\NYP_Framework_Week01\App\Source\Scene2D\Enemy2D.cpp(944,34): warning C4244: 'initializing': conversion from 'T' to 'int', possible loss of data
          with
          [
              T=float
          ]
C:\NYP school\Year2Sem1\SP3\NYP_Framework_Week01\App\Source\Scene2D\Enemy2D.cpp(944,23): warning C4244: 'initializing': conversion from 'T' to 'const int', possible loss of data
          with
          [
              T=float
          ]
C:\NYP school\Year2Sem1\SP3\NYP_Framework_Week01\App\Source\Scene2D\Enemy2D.cpp(978,34): warning C4244: 'initializing': conversion from 'T' to 'int', possible loss of data
          with
          [
              T=float
          ]
C:\NYP school\Year2Sem1\SP3\NYP_Framework_Week01\App\Source\Scene2D\Enemy2D.cpp(978,23): warning C4244: 'initializing': conversion from 'T' to 'const int', possible loss of data
          with
          [
              T=float
          ]
C:\NYP school\Year2Sem1\SP3\NYP_Framework_Week01\App\Source\Scene2D\Enemy2D.cpp(984,73): warning C4244: '=': conversion from 'int' to 'T', possible loss of data
          with
          [
              T=float
          ]
  GUI_Scene2D.cpp
C:\NYP school\Year2Sem1\SP3\NYP_Framework_Week01\App\Source\Scene2D\GUI_Scene2D.cpp(362,52): warning C4244: 'argument': conversion from 'double' to 'float', possible loss of data
C:\NYP school\Year2Sem1\SP3\NYP_Framework_Week01\App\Source\Scene2D\GUI_Scene2D.cpp(361,58): warning C4244: 'argument': conversion from 'double' to 'float', possible loss of data
C:\NYP school\Year2Sem1\SP3\NYP_Framework_Week01\App\Source\Scene2D\GUI_Scene2D.cpp(401,120): warning C4244: '+=': conversion from 'double' to 'float', possible loss of data
C:\NYP school\Year2Sem1\SP3\NYP_Framework_Week01\App\Source\Scene2D\GUI_Scene2D.cpp(452,54): warning C4244: 'argument': conversion from 'double' to 'float', possible loss of data
C:\NYP school\Year2Sem1\SP3\NYP_Framework_Week01\App\Source\Scene2D\GUI_Scene2D.cpp(451,60): warning C4244: 'argument': conversion from 'double' to 'float', possible loss of data
C:\NYP school\Year2Sem1\SP3\NYP_Framework_Week01\App\Source\Scene2D\GUI_Scene2D.cpp(499,21): warning C4244: '-=': conversion from 'const double' to 'float', possible loss of data
  Player2D.cpp
C:\NYP school\Year2Sem1\SP3\NYP_Framework_Week01\App\Source\Scene2D\Player2D.cpp(179,51): warning C4244: 'argument': conversion from 'T' to 'const unsigned int', possible loss of data
          with
          [
              T=float
          ]
C:\NYP school\Year2Sem1\SP3\NYP_Framework_Week01\App\Source\Scene2D\Player2D.cpp(179,38): warning C4244: 'argument': conversion from 'T' to 'const unsigned int', possible loss of data
          with
          [
              T=float
          ]
C:\NYP school\Year2Sem1\SP3\NYP_Framework_Week01\App\Source\Scene2D\Player2D.cpp(232,52): warning C4244: '+=': conversion from 'const double' to 'float', possible loss of data
C:\NYP school\Year2Sem1\SP3\NYP_Framework_Week01\App\Source\Scene2D\Player2D.cpp(243,22): warning C4244: '-=': conversion from 'double' to 'float', possible loss of data
C:\NYP school\Year2Sem1\SP3\NYP_Framework_Week01\App\Source\Scene2D\Player2D.cpp(261,28): warning C4244: '+=': conversion from 'const double' to 'float', possible loss of data
C:\NYP school\Year2Sem1\SP3\NYP_Framework_Week01\App\Source\Scene2D\Player2D.cpp(274,70): warning C4244: '=': conversion from 'int' to 'T', possible loss of data
          with
          [
              T=float
          ]
C:\NYP school\Year2Sem1\SP3\NYP_Framework_Week01\App\Source\Scene2D\Player2D.cpp(364,70): warning C4244: '=': conversion from 'int' to 'T', possible loss of data
          with
          [
              T=float
          ]
C:\NYP school\Year2Sem1\SP3\NYP_Framework_Week01\App\Source\Scene2D\Player2D.cpp(411,79): warning C4244: 'argument': conversion from 'T' to 'const int', possible loss of data
          with
          [
              T=float
          ]
C:\NYP school\Year2Sem1\SP3\NYP_Framework_Week01\App\Source\Scene2D\Player2D.cpp(412,79): warning C4244: 'argument': conversion from 'T' to 'const int', possible loss of data
          with
          [
              T=float
          ]
C:\NYP school\Year2Sem1\SP3\NYP_Framework_Week01\App\Source\Scene2D\Player2D.cpp(490,24): warning C4244: 'initializing': conversion from 'T' to 'int', possible loss of data
          with
          [
              T=float
          ]
C:\NYP school\Year2Sem1\SP3\NYP_Framework_Week01\App\Source\Scene2D\Player2D.cpp(508,29): warning C4244: 'initializing': conversion from 'T' to 'int', possible loss of data
          with
          [
              T=float
          ]
C:\NYP school\Year2Sem1\SP3\NYP_Framework_Week01\App\Source\Scene2D\Player2D.cpp(511,18): warning C4244: '=': conversion from 'int' to 'T', possible loss of data
          with
          [
              T=float
          ]
C:\NYP school\Year2Sem1\SP3\NYP_Framework_Week01\App\Source\Scene2D\Player2D.cpp(533,24): warning C4244: 'initializing': conversion from 'T' to 'int', possible loss of data
          with
          [
              T=float
          ]
C:\NYP school\Year2Sem1\SP3\NYP_Framework_Week01\App\Source\Scene2D\Player2D.cpp(537,57): warning C4244: '-=': conversion from 'double' to 'T', possible loss of data
          with
          [
              T=float
          ]
C:\NYP school\Year2Sem1\SP3\NYP_Framework_Week01\App\Source\Scene2D\Player2D.cpp(540,70): warning C4244: '=': conversion from 'int' to 'T', possible loss of data
          with
          [
              T=float
          ]
C:\NYP school\Year2Sem1\SP3\NYP_Framework_Week01\App\Source\Scene2D\Player2D.cpp(545,29): warning C4244: 'initializing': conversion from 'T' to 'int', possible loss of data
          with
          [
              T=float
          ]
C:\NYP school\Year2Sem1\SP3\NYP_Framework_Week01\App\Source\Scene2D\Player2D.cpp(548,18): warning C4244: '=': conversion from 'int' to 'T', possible loss of data
          with
          [
              T=float
          ]
C:\NYP school\Year2Sem1\SP3\NYP_Framework_Week01\App\Source\Scene2D\Player2D.cpp(553,22): warning C4244: '=': conversion from 'int' to 'T', possible loss of data
          with
          [
              T=float
          ]
C:\NYP school\Year2Sem1\SP3\NYP_Framework_Week01\App\Source\Scene2D\Player2D.cpp(569,82): warning C4244: 'argument': conversion from 'T' to 'const unsigned int', possible loss of data
          with
          [
              T=float
          ]
C:\NYP school\Year2Sem1\SP3\NYP_Framework_Week01\App\Source\Scene2D\Player2D.cpp(569,68): warning C4244: 'argument': conversion from 'T' to 'const unsigned int', possible loss of data
          with
          [
              T=float
          ]
C:\NYP school\Year2Sem1\SP3\NYP_Framework_Week01\App\Source\Scene2D\Player2D.cpp(570,80): warning C4244: 'argument': conversion from 'T' to 'const unsigned int', possible loss of data
          with
          [
              T=float
          ]
C:\NYP school\Year2Sem1\SP3\NYP_Framework_Week01\App\Source\Scene2D\Player2D.cpp(570,66): warning C4244: 'argument': conversion from 'T' to 'const unsigned int', possible loss of data
          with
          [
              T=float
          ]
C:\NYP school\Year2Sem1\SP3\NYP_Framework_Week01\App\Source\Scene2D\Player2D.cpp(571,80): warning C4244: 'argument': conversion from 'T' to 'const unsigned int', possible loss of data
          with
          [
              T=float
          ]
C:\NYP school\Year2Sem1\SP3\NYP_Framework_Week01\App\Source\Scene2D\Player2D.cpp(571,66): warning C4244: 'argument': conversion from 'T' to 'const unsigned int', possible loss of data
          with
          [
              T=float
          ]
C:\NYP school\Year2Sem1\SP3\NYP_Framework_Week01\App\Source\Scene2D\Player2D.cpp(572,79): warning C4244: 'argument': conversion from 'T' to 'const unsigned int', possible loss of data
          with
          [
              T=float
          ]
C:\NYP school\Year2Sem1\SP3\NYP_Framework_Week01\App\Source\Scene2D\Player2D.cpp(572,65): warning C4244: 'argument': conversion from 'T' to 'const unsigned int', possible loss of data
          with
          [
              T=float
          ]
C:\NYP school\Year2Sem1\SP3\NYP_Framework_Week01\App\Source\Scene2D\Player2D.cpp(573,79): warning C4244: 'argument': conversion from 'T' to 'const unsigned int', possible loss of data
          with
          [
              T=float
          ]
C:\NYP school\Year2Sem1\SP3\NYP_Framework_Week01\App\Source\Scene2D\Player2D.cpp(573,65): warning C4244: 'argument': conversion from 'T' to 'const unsigned int', possible loss of data
          with
          [
              T=float
          ]
C:\NYP school\Year2Sem1\SP3\NYP_Framework_Week01\App\Source\Scene2D\Player2D.cpp(605,52): warning C4244: '=': conversion from 'int' to 'T', possible loss of data
          with
          [
              T=float
          ]
C:\NYP school\Year2Sem1\SP3\NYP_Framework_Week01\App\Source\Scene2D\Player2D.cpp(615,52): warning C4244: '=': conversion from 'int' to 'T', possible loss of data
          with
          [
              T=float
          ]
C:\NYP school\Year2Sem1\SP3\NYP_Framework_Week01\App\Source\Scene2D\Player2D.cpp(684,50): warning C4244: 'argument': conversion from 'T' to 'const unsigned int', possible loss of data
          with
          [
              T=float
          ]
C:\NYP school\Year2Sem1\SP3\NYP_Framework_Week01\App\Source\Scene2D\Player2D.cpp(684,37): warning C4244: 'argument': conversion from 'T' to 'const unsigned int', possible loss of data
          with
          [
              T=float
          ]
C:\NYP school\Year2Sem1\SP3\NYP_Framework_Week01\App\Source\Scene2D\Player2D.cpp(692,50): warning C4244: 'argument': conversion from 'T' to 'const unsigned int', possible loss of data
          with
          [
              T=float
          ]
C:\NYP school\Year2Sem1\SP3\NYP_Framework_Week01\App\Source\Scene2D\Player2D.cpp(692,37): warning C4244: 'argument': conversion from 'T' to 'const unsigned int', possible loss of data
          with
          [
              T=float
          ]
C:\NYP school\Year2Sem1\SP3\NYP_Framework_Week01\App\Source\Scene2D\Player2D.cpp(692,111): warning C4244: 'argument': conversion from 'T' to 'const unsigned int', possible loss of data
          with
          [
              T=float
          ]
C:\NYP school\Year2Sem1\SP3\NYP_Framework_Week01\App\Source\Scene2D\Player2D.cpp(692,97): warning C4244: 'argument': conversion from 'T' to 'const unsigned int', possible loss of data
          with
          [
              T=float
          ]
C:\NYP school\Year2Sem1\SP3\NYP_Framework_Week01\App\Source\Scene2D\Player2D.cpp(710,53): warning C4244: 'argument': conversion from 'T' to 'const unsigned int', possible loss of data
          with
          [
              T=float
          ]
C:\NYP school\Year2Sem1\SP3\NYP_Framework_Week01\App\Source\Scene2D\Player2D.cpp(710,37): warning C4244: 'argument': conversion from 'T' to 'const unsigned int', possible loss of data
          with
          [
              T=float
          ]
C:\NYP school\Year2Sem1\SP3\NYP_Framework_Week01\App\Source\Scene2D\Player2D.cpp(719,53): warning C4244: 'argument': conversion from 'T' to 'const unsigned int', possible loss of data
          with
          [
              T=float
          ]
C:\NYP school\Year2Sem1\SP3\NYP_Framework_Week01\App\Source\Scene2D\Player2D.cpp(719,37): warning C4244: 'argument': conversion from 'T' to 'const unsigned int', possible loss of data
          with
          [
              T=float
          ]
C:\NYP school\Year2Sem1\SP3\NYP_Framework_Week01\App\Source\Scene2D\Player2D.cpp(737,54): warning C4244: 'argument': conversion from 'T' to 'const unsigned int', possible loss of data
          with
          [
              T=float
          ]
C:\NYP school\Year2Sem1\SP3\NYP_Framework_Week01\App\Source\Scene2D\Player2D.cpp(737,40): warning C4244: 'argument': conversion from 'T' to 'const unsigned int', possible loss of data
          with
          [
              T=float
          ]
C:\NYP school\Year2Sem1\SP3\NYP_Framework_Week01\App\Source\Scene2D\Player2D.cpp(746,54): warning C4244: 'argument': conversion from 'T' to 'const unsigned int', possible loss of data
          with
          [
              T=float
          ]
C:\NYP school\Year2Sem1\SP3\NYP_Framework_Week01\App\Source\Scene2D\Player2D.cpp(746,40): warning C4244: 'argument': conversion from 'T' to 'const unsigned int', possible loss of data
          with
          [
              T=float
          ]
C:\NYP school\Year2Sem1\SP3\NYP_Framework_Week01\App\Source\Scene2D\Player2D.cpp(758,50): warning C4244: 'argument': conversion from 'T' to 'const unsigned int', possible loss of data
          with
          [
              T=float
          ]
C:\NYP school\Year2Sem1\SP3\NYP_Framework_Week01\App\Source\Scene2D\Player2D.cpp(758,37): warning C4244: 'argument': conversion from 'T' to 'const unsigned int', possible loss of data
          with
          [
              T=float
          ]
C:\NYP school\Year2Sem1\SP3\NYP_Framework_Week01\App\Source\Scene2D\Player2D.cpp(767,50): warning C4244: 'argument': conversion from 'T' to 'const unsigned int', possible loss of data
          with
          [
              T=float
          ]
C:\NYP school\Year2Sem1\SP3\NYP_Framework_Week01\App\Source\Scene2D\Player2D.cpp(767,37): warning C4244: 'argument': conversion from 'T' to 'const unsigned int', possible loss of data
          with
          [
              T=float
          ]
C:\NYP school\Year2Sem1\SP3\NYP_Framework_Week01\App\Source\Scene2D\Player2D.cpp(799,13): warning C4244: 'initializing': conversion from 'double' to 'float', possible loss of data
C:\NYP school\Year2Sem1\SP3\NYP_Framework_Week01\App\Source\Scene2D\Player2D.cpp(800,13): warning C4244: 'initializing': conversion from 'double' to 'float', possible loss of data
C:\NYP school\Year2Sem1\SP3\NYP_Framework_Week01\App\Source\Scene2D\Player2D.cpp(807,51): warning C4244: 'argument': conversion from 'T' to 'const unsigned int', possible loss of data
          with
          [
              T=float
          ]
C:\NYP school\Year2Sem1\SP3\NYP_Framework_Week01\App\Source\Scene2D\Player2D.cpp(807,39): warning C4244: 'argument': conversion from 'T' to 'const unsigned int', possible loss of data
          with
          [
              T=float
          ]
C:\NYP school\Year2Sem1\SP3\NYP_Framework_Week01\App\Source\Scene2D\Player2D.cpp(812,22): warning C4244: '+=': conversion from 'double' to 'float', possible loss of data
C:\NYP school\Year2Sem1\SP3\NYP_Framework_Week01\App\Source\Scene2D\Player2D.cpp(815,46): warning C4244: 'argument': conversion from 'T' to 'const unsigned int', possible loss of data
          with
          [
              T=float
          ]
C:\NYP school\Year2Sem1\SP3\NYP_Framework_Week01\App\Source\Scene2D\Player2D.cpp(815,34): warning C4244: 'argument': conversion from 'T' to 'const unsigned int', possible loss of data
          with
          [
              T=float
          ]
C:\NYP school\Year2Sem1\SP3\NYP_Framework_Week01\App\Source\Scene2D\Player2D.cpp(830,48): warning C4244: 'argument': conversion from 'T' to 'const unsigned int', possible loss of data
          with
          [
              T=float
          ]
C:\NYP school\Year2Sem1\SP3\NYP_Framework_Week01\App\Source\Scene2D\Player2D.cpp(830,36): warning C4244: 'argument': conversion from 'T' to 'const unsigned int', possible loss of data
          with
          [
              T=float
          ]
C:\NYP school\Year2Sem1\SP3\NYP_Framework_Week01\App\Source\Scene2D\Player2D.cpp(838,46): warning C4244: 'argument': conversion from 'T' to 'const unsigned int', possible loss of data
          with
          [
              T=float
          ]
C:\NYP school\Year2Sem1\SP3\NYP_Framework_Week01\App\Source\Scene2D\Player2D.cpp(838,34): warning C4244: 'argument': conversion from 'T' to 'const unsigned int', possible loss of data
          with
          [
              T=float
          ]
C:\NYP school\Year2Sem1\SP3\NYP_Framework_Week01\App\Source\Scene2D\Player2D.cpp(943,13): warning C4244: 'initializing': conversion from 'double' to 'float', possible loss of data
C:\NYP school\Year2Sem1\SP3\NYP_Framework_Week01\App\Source\Scene2D\Player2D.cpp(944,13): warning C4244: 'initializing': conversion from 'double' to 'float', possible loss of data
C:\NYP school\Year2Sem1\SP3\NYP_Framework_Week01\App\Source\Scene2D\Player2D.cpp(976,44): warning C4244: 'argument': conversion from 'T' to 'const unsigned int', possible loss of data
          with
          [
              T=float
          ]
C:\NYP school\Year2Sem1\SP3\NYP_Framework_Week01\App\Source\Scene2D\Player2D.cpp(976,32): warning C4244: 'argument': conversion from 'T' to 'const unsigned int', possible loss of data
          with
          [
              T=float
          ]
C:\NYP school\Year2Sem1\SP3\NYP_Framework_Week01\App\Source\Scene2D\Player2D.cpp(1079,23): warning C4018: '<': signed/unsigned mismatch
  Scene2D.cpp
C:\NYP school\Year2Sem1\SP3\NYP_Framework_Week01\App\Source\Scene2D\Scene2D.cpp(71,20): warning C4018: '<': signed/unsigned mismatch
C:\NYP school\Year2Sem1\SP3\NYP_Framework_Week01\App\Source\Scene2D\Scene2D.cpp(87,12): warning C4244: 'argument': conversion from 'time_t' to 'unsigned int', possible loss of data
C:\NYP school\Year2Sem1\SP3\NYP_Framework_Week01\App\Source\Scene2D\Scene2D.cpp(164,23): warning C4244: '-=': conversion from 'const double' to 'float', possible loss of data
C:\NYP school\Year2Sem1\SP3\NYP_Framework_Week01\App\Source\Scene2D\Scene2D.cpp(165,27): warning C4244: '+=': conversion from 'const double' to 'float', possible loss of data
C:\NYP school\Year2Sem1\SP3\NYP_Framework_Week01\App\Source\Scene2D\Scene2D.cpp(166,28): warning C4244: '+=': conversion from 'const double' to 'float', possible loss of data
C:\NYP school\Year2Sem1\SP3\NYP_Framework_Week01\App\Source\Scene2D\Scene2D.cpp(226,20): warning C4018: '<': signed/unsigned mismatch
C:\NYP school\Year2Sem1\SP3\NYP_Framework_Week01\App\Source\Scene2D\Scene2D.cpp(256,25): warning C4244: 'argument': conversion from 'float' to 'int', possible loss of data
C:\NYP school\Year2Sem1\SP3\NYP_Framework_Week01\App\Source\Scene2D\Scene2D.cpp(282,20): warning C4244: '=': conversion from 'int' to 'T', possible loss of data
          with
          [
              T=float
          ]
C:\NYP school\Year2Sem1\SP3\NYP_Framework_Week01\App\Source\Scene2D\Scene2D.cpp(284,20): warning C4244: '=': conversion from 'int' to 'T', possible loss of data
          with
          [
              T=float
          ]
C:\NYP school\Year2Sem1\SP3\NYP_Framework_Week01\App\Source\Scene2D\Scene2D.cpp(286,38): warning C4244: 'argument': conversion from 'T' to 'const unsigned int', possible loss of data
          with
          [
              T=float
          ]
C:\NYP school\Year2Sem1\SP3\NYP_Framework_Week01\App\Source\Scene2D\Scene2D.cpp(286,31): warning C4244: 'argument': conversion from 'T' to 'const unsigned int', possible loss of data
          with
          [
              T=float
          ]
C:\NYP school\Year2Sem1\SP3\NYP_Framework_Week01\App\Source\Scene2D\Scene2D.cpp(294,37): warning C4244: 'argument': conversion from 'T' to 'const unsigned int', possible loss of data
          with
          [
              T=float
          ]
C:\NYP school\Year2Sem1\SP3\NYP_Framework_Week01\App\Source\Scene2D\Scene2D.cpp(294,30): warning C4244: 'argument': conversion from 'T' to 'const unsigned int', possible loss of data
          with
          [
              T=float
          ]
C:\NYP school\Year2Sem1\SP3\NYP_Framework_Week01\App\Source\Scene2D\Scene2D.cpp(299,37): warning C4244: 'argument': conversion from 'T' to 'const unsigned int', possible loss of data
          with
          [
              T=float
          ]
C:\NYP school\Year2Sem1\SP3\NYP_Framework_Week01\App\Source\Scene2D\Scene2D.cpp(299,30): warning C4244: 'argument': conversion from 'T' to 'const unsigned int', possible loss of data
          with
          [
              T=float
          ]
C:\NYP school\Year2Sem1\SP3\NYP_Framework_Week01\App\Source\Scene2D\Scene2D.cpp(304,37): warning C4244: 'argument': conversion from 'T' to 'const unsigned int', possible loss of data
          with
          [
              T=float
          ]
C:\NYP school\Year2Sem1\SP3\NYP_Framework_Week01\App\Source\Scene2D\Scene2D.cpp(304,30): warning C4244: 'argument': conversion from 'T' to 'const unsigned int', possible loss of data
          with
          [
              T=float
          ]
C:\NYP school\Year2Sem1\SP3\NYP_Framework_Week01\App\Source\Scene2D\Scene2D.cpp(309,37): warning C4244: 'argument': conversion from 'T' to 'const unsigned int', possible loss of data
          with
          [
              T=float
          ]
C:\NYP school\Year2Sem1\SP3\NYP_Framework_Week01\App\Source\Scene2D\Scene2D.cpp(309,30): warning C4244: 'argument': conversion from 'T' to 'const unsigned int', possible loss of data
          with
          [
              T=float
          ]
C:\NYP school\Year2Sem1\SP3\NYP_Framework_Week01\App\Source\Scene2D\Scene2D.cpp(375,20): warning C4018: '<': signed/unsigned mismatch
  ghens.cpp
C:\NYP school\Year2Sem1\SP3\NYP_Framework_Week01\App\Source\Scene2D\ghens.cpp(181,79): warning C4244: 'argument': conversion from 'T' to 'const int', possible loss of data
          with
          [
              T=float
          ]
C:\NYP school\Year2Sem1\SP3\NYP_Framework_Week01\App\Source\Scene2D\ghens.cpp(182,79): warning C4244: 'argument': conversion from 'T' to 'const int', possible loss of data
          with
          [
              T=float
          ]
C:\NYP school\Year2Sem1\SP3\NYP_Framework_Week01\App\Source\Scene2D\ghens.cpp(256,22): warning C4244: '=': conversion from 'const int' to 'T', possible loss of data
          with
          [
              T=float
          ]
C:\NYP school\Year2Sem1\SP3\NYP_Framework_Week01\App\Source\Scene2D\ghens.cpp(257,22): warning C4244: '=': conversion from 'const int' to 'T', possible loss of data
          with
          [
              T=float
          ]
C:\NYP school\Year2Sem1\SP3\NYP_Framework_Week01\App\Source\Scene2D\ghens.cpp(267,33): warning C4244: '=': conversion from 'const int' to 'T', possible loss of data
          with
          [
              T=float
          ]
C:\NYP school\Year2Sem1\SP3\NYP_Framework_Week01\App\Source\Scene2D\ghens.cpp(268,33): warning C4244: '=': conversion from 'const int' to 'T', possible loss of data
          with
          [
              T=float
          ]
C:\NYP school\Year2Sem1\SP3\NYP_Framework_Week01\App\Source\Scene2D\ghens.cpp(312,52): warning C4244: '=': conversion from 'int' to 'T', possible loss of data
          with
          [
              T=float
          ]
C:\NYP school\Year2Sem1\SP3\NYP_Framework_Week01\App\Source\Scene2D\ghens.cpp(320,52): warning C4244: '=': conversion from 'int' to 'T', possible loss of data
          with
          [
              T=float
          ]
C:\NYP school\Year2Sem1\SP3\NYP_Framework_Week01\App\Source\Scene2D\ghens.cpp(350,49): warning C4244: 'argument': conversion from 'T' to 'const unsigned int', possible loss of data
          with
          [
              T=float
          ]
C:\NYP school\Year2Sem1\SP3\NYP_Framework_Week01\App\Source\Scene2D\ghens.cpp(350,36): warning C4244: 'argument': conversion from 'T' to 'const unsigned int', possible loss of data
          with
          [
              T=float
          ]
C:\NYP school\Year2Sem1\SP3\NYP_Framework_Week01\App\Source\Scene2D\ghens.cpp(359,50): warning C4244: 'argument': conversion from 'T' to 'const unsigned int', possible loss of data
          with
          [
              T=float
          ]
C:\NYP school\Year2Sem1\SP3\NYP_Framework_Week01\App\Source\Scene2D\ghens.cpp(359,37): warning C4244: 'argument': conversion from 'T' to 'const unsigned int', possible loss of data
          with
          [
              T=float
          ]
C:\NYP school\Year2Sem1\SP3\NYP_Framework_Week01\App\Source\Scene2D\ghens.cpp(360,51): warning C4244: 'argument': conversion from 'T' to 'const unsigned int', possible loss of data
          with
          [
              T=float
          ]
C:\NYP school\Year2Sem1\SP3\NYP_Framework_Week01\App\Source\Scene2D\ghens.cpp(360,37): warning C4244: 'argument': conversion from 'T' to 'const unsigned int', possible loss of data
          with
          [
              T=float
          ]
C:\NYP school\Year2Sem1\SP3\NYP_Framework_Week01\App\Source\Scene2D\ghens.cpp(379,52): warning C4244: 'argument': conversion from 'T' to 'const unsigned int', possible loss of data
          with
          [
              T=float
          ]
C:\NYP school\Year2Sem1\SP3\NYP_Framework_Week01\App\Source\Scene2D\ghens.cpp(379,36): warning C4244: 'argument': conversion from 'T' to 'const unsigned int', possible loss of data
          with
          [
              T=float
          ]
C:\NYP school\Year2Sem1\SP3\NYP_Framework_Week01\App\Source\Scene2D\ghens.cpp(388,53): warning C4244: 'argument': conversion from 'T' to 'const unsigned int', possible loss of data
          with
          [
              T=float
          ]
C:\NYP school\Year2Sem1\SP3\NYP_Framework_Week01\App\Source\Scene2D\ghens.cpp(388,37): warning C4244: 'argument': conversion from 'T' to 'const unsigned int', possible loss of data
          with
          [
              T=float
          ]
C:\NYP school\Year2Sem1\SP3\NYP_Framework_Week01\App\Source\Scene2D\ghens.cpp(389,54): warning C4244: 'argument': conversion from 'T' to 'const unsigned int', possible loss of data
          with
          [
              T=float
          ]
C:\NYP school\Year2Sem1\SP3\NYP_Framework_Week01\App\Source\Scene2D\ghens.cpp(389,37): warning C4244: 'argument': conversion from 'T' to 'const unsigned int', possible loss of data
          with
          [
              T=float
          ]
C:\NYP school\Year2Sem1\SP3\NYP_Framework_Week01\App\Source\Scene2D\ghens.cpp(409,53): warning C4244: 'argument': conversion from 'T' to 'const unsigned int', possible loss of data
          with
          [
              T=float
          ]
C:\NYP school\Year2Sem1\SP3\NYP_Framework_Week01\App\Source\Scene2D\ghens.cpp(409,39): warning C4244: 'argument': conversion from 'T' to 'const unsigned int', possible loss of data
          with
          [
              T=float
          ]
C:\NYP school\Year2Sem1\SP3\NYP_Framework_Week01\App\Source\Scene2D\ghens.cpp(418,54): warning C4244: 'argument': conversion from 'T' to 'const unsigned int', possible loss of data
          with
          [
              T=float
          ]
C:\NYP school\Year2Sem1\SP3\NYP_Framework_Week01\App\Source\Scene2D\ghens.cpp(418,40): warning C4244: 'argument': conversion from 'T' to 'const unsigned int', possible loss of data
          with
          [
              T=float
          ]
C:\NYP school\Year2Sem1\SP3\NYP_Framework_Week01\App\Source\Scene2D\ghens.cpp(419,54): warning C4244: 'argument': conversion from 'T' to 'const unsigned int', possible loss of data
          with
          [
              T=float
          ]
C:\NYP school\Year2Sem1\SP3\NYP_Framework_Week01\App\Source\Scene2D\ghens.cpp(419,37): warning C4244: 'argument': conversion from 'T' to 'const unsigned int', possible loss of data
          with
          [
              T=float
          ]
C:\NYP school\Year2Sem1\SP3\NYP_Framework_Week01\App\Source\Scene2D\ghens.cpp(431,49): warning C4244: 'argument': conversion from 'T' to 'const unsigned int', possible loss of data
          with
          [
              T=float
          ]
C:\NYP school\Year2Sem1\SP3\NYP_Framework_Week01\App\Source\Scene2D\ghens.cpp(431,36): warning C4244: 'argument': conversion from 'T' to 'const unsigned int', possible loss of data
          with
          [
              T=float
          ]
C:\NYP school\Year2Sem1\SP3\NYP_Framework_Week01\App\Source\Scene2D\ghens.cpp(440,50): warning C4244: 'argument': conversion from 'T' to 'const unsigned int', possible loss of data
          with
          [
              T=float
          ]
C:\NYP school\Year2Sem1\SP3\NYP_Framework_Week01\App\Source\Scene2D\ghens.cpp(440,37): warning C4244: 'argument': conversion from 'T' to 'const unsigned int', possible loss of data
          with
          [
              T=float
          ]
C:\NYP school\Year2Sem1\SP3\NYP_Framework_Week01\App\Source\Scene2D\ghens.cpp(441,50): warning C4244: 'argument': conversion from 'T' to 'const unsigned int', possible loss of data
          with
          [
              T=float
          ]
C:\NYP school\Year2Sem1\SP3\NYP_Framework_Week01\App\Source\Scene2D\ghens.cpp(441,34): warning C4244: 'argument': conversion from 'T' to 'const unsigned int', possible loss of data
          with
          [
              T=float
          ]
C:\NYP school\Year2Sem1\SP3\NYP_Framework_Week01\App\Source\Scene2D\ghens.cpp(464,49): warning C4244: 'argument': conversion from 'T' to 'const unsigned int', possible loss of data
          with
          [
              T=float
          ]
C:\NYP school\Year2Sem1\SP3\NYP_Framework_Week01\App\Source\Scene2D\ghens.cpp(464,35): warning C4244: 'argument': conversion from 'T' to 'const unsigned int', possible loss of data
          with
          [
              T=float
          ]
C:\NYP school\Year2Sem1\SP3\NYP_Framework_Week01\App\Source\Scene2D\ghens.cpp(485,24): warning C4244: 'initializing': conversion from 'T' to 'int', possible loss of data
          with
          [
              T=float
          ]
C:\NYP school\Year2Sem1\SP3\NYP_Framework_Week01\App\Source\Scene2D\ghens.cpp(505,29): warning C4244: 'initializing': conversion from 'T' to 'int', possible loss of data
          with
          [
              T=float
          ]
C:\NYP school\Year2Sem1\SP3\NYP_Framework_Week01\App\Source\Scene2D\ghens.cpp(509,18): warning C4244: '=': conversion from 'int' to 'T', possible loss of data
          with
          [
              T=float
          ]
C:\NYP school\Year2Sem1\SP3\NYP_Framework_Week01\App\Source\Scene2D\ghens.cpp(539,24): warning C4244: 'initializing': conversion from 'T' to 'int', possible loss of data
          with
          [
              T=float
          ]
C:\NYP school\Year2Sem1\SP3\NYP_Framework_Week01\App\Source\Scene2D\ghens.cpp(546,60): warning C4244: '-=': conversion from 'double' to 'T', possible loss of data
          with
          [
              T=float
          ]
C:\NYP school\Year2Sem1\SP3\NYP_Framework_Week01\App\Source\Scene2D\ghens.cpp(549,73): warning C4244: '=': conversion from 'int' to 'T', possible loss of data
          with
          [
              T=float
          ]
C:\NYP school\Year2Sem1\SP3\NYP_Framework_Week01\App\Source\Scene2D\ghens.cpp(559,29): warning C4244: 'initializing': conversion from 'T' to 'int', possible loss of data
          with
          [
              T=float
          ]
C:\NYP school\Year2Sem1\SP3\NYP_Framework_Week01\App\Source\Scene2D\ghens.cpp(563,18): warning C4244: '=': conversion from 'int' to 'T', possible loss of data
          with
          [
              T=float
          ]
C:\NYP school\Year2Sem1\SP3\NYP_Framework_Week01\App\Source\Scene2D\ghens.cpp(569,22): warning C4244: '=': conversion from 'int' to 'T', possible loss of data
          with
          [
              T=float
          ]
C:\NYP school\Year2Sem1\SP3\NYP_Framework_Week01\App\Source\Scene2D\ghens.cpp(639,34): warning C4244: '=': conversion from 'int' to 'T', possible loss of data
          with
          [
              T=float
          ]
C:\NYP school\Year2Sem1\SP3\NYP_Framework_Week01\App\Source\Scene2D\ghens.cpp(640,34): warning C4244: '=': conversion from 'int' to 'T', possible loss of data
          with
          [
              T=float
          ]
C:\NYP school\Year2Sem1\SP3\NYP_Framework_Week01\App\Source\Scene2D\ghens.cpp(670,34): warning C4244: 'initializing': conversion from 'T' to 'int', possible loss of data
          with
          [
              T=float
          ]
C:\NYP school\Year2Sem1\SP3\NYP_Framework_Week01\App\Source\Scene2D\ghens.cpp(670,23): warning C4244: 'initializing': conversion from 'T' to 'const int', possible loss of data
          with
          [
              T=float
          ]
C:\NYP school\Year2Sem1\SP3\NYP_Framework_Week01\App\Source\Scene2D\ghens.cpp(676,73): warning C4244: '=': conversion from 'int' to 'T', possible loss of data
          with
          [
              T=float
          ]
C:\NYP school\Year2Sem1\SP3\NYP_Framework_Week01\App\Source\Scene2D\ghens.cpp(702,34): warning C4244: 'initializing': conversion from 'T' to 'int', possible loss of data
          with
          [
              T=float
          ]
C:\NYP school\Year2Sem1\SP3\NYP_Framework_Week01\App\Source\Scene2D\ghens.cpp(702,23): warning C4244: 'initializing': conversion from 'T' to 'const int', possible loss of data
          with
          [
              T=float
          ]
C:\NYP school\Year2Sem1\SP3\NYP_Framework_Week01\App\Source\Scene2D\ghens.cpp(739,34): warning C4244: 'initializing': conversion from 'T' to 'int', possible loss of data
          with
          [
              T=float
          ]
C:\NYP school\Year2Sem1\SP3\NYP_Framework_Week01\App\Source\Scene2D\ghens.cpp(739,23): warning C4244: 'initializing': conversion from 'T' to 'const int', possible loss of data
          with
          [
              T=float
          ]
C:\NYP school\Year2Sem1\SP3\NYP_Framework_Week01\App\Source\Scene2D\ghens.cpp(774,34): warning C4244: 'initializing': conversion from 'T' to 'int', possible loss of data
          with
          [
              T=float
          ]
C:\NYP school\Year2Sem1\SP3\NYP_Framework_Week01\App\Source\Scene2D\ghens.cpp(774,23): warning C4244: 'initializing': conversion from 'T' to 'const int', possible loss of data
          with
          [
              T=float
          ]
C:\NYP school\Year2Sem1\SP3\NYP_Framework_Week01\App\Source\Scene2D\ghens.cpp(780,73): warning C4244: '=': conversion from 'int' to 'T', possible loss of data
          with
          [
              T=float
          ]
  Generating Code...
  App.vcxproj -> C:\NYP school\Year2Sem1\SP3\NYP_Framework_Week01\Debug\App.exe
