c:\users\tohdj\documents\2022_2023_sem1\dm2213 2d game creation\teaching materials\week 01\practical\nyp_framework_week01\library\debug\library.pdb
c:\users\tohdj\documents\2022_2023_sem1\dm2213 2d game creation\teaching materials\week 01\practical\nyp_framework_week01\library\debug\library.idb
c:\users\tohdj\documents\2022_2023_sem1\dm2213 2d game creation\teaching materials\week 01\practical\nyp_framework_week01\library\debug\imageloader.obj
c:\users\tohdj\documents\2022_2023_sem1\dm2213 2d game creation\teaching materials\week 01\practical\nyp_framework_week01\library\debug\shadermanager.obj
c:\users\tohdj\documents\2022_2023_sem1\dm2213 2d game creation\teaching materials\week 01\practical\nyp_framework_week01\library\debug\spriteanimation.obj
c:\users\tohdj\documents\2022_2023_sem1\dm2213 2d game creation\teaching materials\week 01\practical\nyp_framework_week01\library\debug\meshbuilder.obj
c:\users\tohdj\documents\2022_2023_sem1\dm2213 2d game creation\teaching materials\week 01\practical\nyp_framework_week01\library\debug\mesh.obj
c:\users\tohdj\documents\2022_2023_sem1\dm2213 2d game creation\teaching materials\week 01\practical\nyp_framework_week01\library\debug\levelofdetails.obj
c:\users\tohdj\documents\2022_2023_sem1\dm2213 2d game creation\teaching materials\week 01\practical\nyp_framework_week01\library\debug\entity3d.obj
c:\users\tohdj\documents\2022_2023_sem1\dm2213 2d game creation\teaching materials\week 01\practical\nyp_framework_week01\library\debug\entity2d.obj
c:\users\tohdj\documents\2022_2023_sem1\dm2213 2d game creation\teaching materials\week 01\practical\nyp_framework_week01\library\debug\collisionmanager.obj
c:\users\tohdj\documents\2022_2023_sem1\dm2213 2d game creation\teaching materials\week 01\practical\nyp_framework_week01\library\debug\collider.obj
c:\users\tohdj\documents\2022_2023_sem1\dm2213 2d game creation\teaching materials\week 01\practical\nyp_framework_week01\library\debug\mousecontroller.obj
c:\users\tohdj\documents\2022_2023_sem1\dm2213 2d game creation\teaching materials\week 01\practical\nyp_framework_week01\library\debug\keyboardcontroller.obj
c:\users\tohdj\documents\2022_2023_sem1\dm2213 2d game creation\teaching materials\week 01\practical\nyp_framework_week01\library\debug\imgui_widgets.obj
c:\users\tohdj\documents\2022_2023_sem1\dm2213 2d game creation\teaching materials\week 01\practical\nyp_framework_week01\library\debug\imgui_tables.obj
c:\users\tohdj\documents\2022_2023_sem1\dm2213 2d game creation\teaching materials\week 01\practical\nyp_framework_week01\library\debug\imgui_draw.obj
c:\users\tohdj\documents\2022_2023_sem1\dm2213 2d game creation\teaching materials\week 01\practical\nyp_framework_week01\library\debug\imgui_demo.obj
c:\users\tohdj\documents\2022_2023_sem1\dm2213 2d game creation\teaching materials\week 01\practical\nyp_framework_week01\library\debug\imgui.obj
c:\users\tohdj\documents\2022_2023_sem1\dm2213 2d game creation\teaching materials\week 01\practical\nyp_framework_week01\library\debug\imgui_impl_opengl3.obj
c:\users\tohdj\documents\2022_2023_sem1\dm2213 2d game creation\teaching materials\week 01\practical\nyp_framework_week01\library\debug\imgui_impl_glfw.obj
c:\users\tohdj\documents\2022_2023_sem1\dm2213 2d game creation\teaching materials\week 01\practical\nyp_framework_week01\library\debug\settings.obj
c:\users\tohdj\documents\2022_2023_sem1\dm2213 2d game creation\teaching materials\week 01\practical\nyp_framework_week01\library\debug\stopwatch.obj
c:\users\tohdj\documents\2022_2023_sem1\dm2213 2d game creation\teaching materials\week 01\practical\nyp_framework_week01\library\debug\fpscounter.obj
c:\users\tohdj\documents\2022_2023_sem1\dm2213 2d game creation\teaching materials\week 01\practical\nyp_framework_week01\library\debug\loadobj.obj
c:\users\tohdj\documents\2022_2023_sem1\dm2213 2d game creation\teaching materials\week 01\practical\nyp_framework_week01\debug\library.lib
c:\users\tohdj\documents\2022_2023_sem1\dm2213 2d game creation\teaching materials\week 01\practical\nyp_framework_week01\library\debug\library.tlog\cl.command.1.tlog
c:\users\tohdj\documents\2022_2023_sem1\dm2213 2d game creation\teaching materials\week 01\practical\nyp_framework_week01\library\debug\library.tlog\cl.read.1.tlog
c:\users\tohdj\documents\2022_2023_sem1\dm2213 2d game creation\teaching materials\week 01\practical\nyp_framework_week01\library\debug\library.tlog\cl.write.1.tlog
c:\users\tohdj\documents\2022_2023_sem1\dm2213 2d game creation\teaching materials\week 01\practical\nyp_framework_week01\library\debug\library.tlog\lib-link.write.1.tlog
c:\users\tohdj\documents\2022_2023_sem1\dm2213 2d game creation\teaching materials\week 01\practical\nyp_framework_week01\library\debug\library.tlog\lib.command.1.tlog
c:\users\tohdj\documents\2022_2023_sem1\dm2213 2d game creation\teaching materials\week 01\practical\nyp_framework_week01\library\debug\library.tlog\lib.read.1.tlog
