  Application.cpp
  PlayGameState.cpp
C:\Program Files (x86)\Windows Kits\10\Include\10.0.19041.0\shared\minwindef.h(130,1): warning C4005: 'APIENTRY': macro redefinition
C:\Users\sheng\OneDrive\Desktop\SP\ccb webdev\SP3\New folder\NYP_Framework_Week01\glfw\include\GLFW\glfw3.h(98): message : see previous definition of 'APIENTRY'
  Scene2D.cpp
C:\Users\sheng\OneDrive\Desktop\SP\ccb webdev\SP3\New folder\NYP_Framework_Week01\App\Source\Scene2D\Scene2D.cpp(77,20): warning C4018: '<': signed/unsigned mismatch
C:\Users\sheng\OneDrive\Desktop\SP\ccb webdev\SP3\New folder\NYP_Framework_Week01\App\Source\Scene2D\Scene2D.cpp(82,20): warning C4018: '<': signed/unsigned mismatch
C:\Users\sheng\OneDrive\Desktop\SP\ccb webdev\SP3\New folder\NYP_Framework_Week01\App\Source\Scene2D\Scene2D.cpp(87,20): warning C4018: '<': signed/unsigned mismatch
C:\Users\sheng\OneDrive\Desktop\SP\ccb webdev\SP3\New folder\NYP_Framework_Week01\App\Source\Scene2D\Scene2D.cpp(104,12): warning C4244: 'argument': conversion from 'time_t' to 'unsigned int', possible loss of data
C:\Users\sheng\OneDrive\Desktop\SP\ccb webdev\SP3\New folder\NYP_Framework_Week01\App\Source\Scene2D\Scene2D.cpp(262,23): warning C4244: '-=': conversion from 'const double' to 'float', possible loss of data
C:\Users\sheng\OneDrive\Desktop\SP\ccb webdev\SP3\New folder\NYP_Framework_Week01\App\Source\Scene2D\Scene2D.cpp(263,27): warning C4244: '+=': conversion from 'const double' to 'float', possible loss of data
C:\Users\sheng\OneDrive\Desktop\SP\ccb webdev\SP3\New folder\NYP_Framework_Week01\App\Source\Scene2D\Scene2D.cpp(264,28): warning C4244: '+=': conversion from 'const double' to 'float', possible loss of data
C:\Users\sheng\OneDrive\Desktop\SP\ccb webdev\SP3\New folder\NYP_Framework_Week01\App\Source\Scene2D\Scene2D.cpp(314,28): warning C4244: '=': conversion from 'int' to 'T', possible loss of data
          with
          [
              T=float
          ]
C:\Users\sheng\OneDrive\Desktop\SP\ccb webdev\SP3\New folder\NYP_Framework_Week01\App\Source\Scene2D\Scene2D.cpp(316,28): warning C4244: '=': conversion from 'int' to 'T', possible loss of data
          with
          [
              T=float
          ]
C:\Users\sheng\OneDrive\Desktop\SP\ccb webdev\SP3\New folder\NYP_Framework_Week01\App\Source\Scene2D\Scene2D.cpp(318,54): warning C4244: 'argument': conversion from 'T' to 'const unsigned int', possible loss of data
          with
          [
              T=float
          ]
C:\Users\sheng\OneDrive\Desktop\SP\ccb webdev\SP3\New folder\NYP_Framework_Week01\App\Source\Scene2D\Scene2D.cpp(318,39): warning C4244: 'argument': conversion from 'T' to 'const unsigned int', possible loss of data
          with
          [
              T=float
          ]
C:\Users\sheng\OneDrive\Desktop\SP\ccb webdev\SP3\New folder\NYP_Framework_Week01\App\Source\Scene2D\Scene2D.cpp(323,52): warning C4244: 'argument': conversion from 'T' to 'const unsigned int', possible loss of data
          with
          [
              T=float
          ]
C:\Users\sheng\OneDrive\Desktop\SP\ccb webdev\SP3\New folder\NYP_Framework_Week01\App\Source\Scene2D\Scene2D.cpp(323,37): warning C4244: 'argument': conversion from 'T' to 'const unsigned int', possible loss of data
          with
          [
              T=float
          ]
C:\Users\sheng\OneDrive\Desktop\SP\ccb webdev\SP3\New folder\NYP_Framework_Week01\App\Source\Scene2D\Scene2D.cpp(328,52): warning C4244: 'argument': conversion from 'T' to 'const unsigned int', possible loss of data
          with
          [
              T=float
          ]
C:\Users\sheng\OneDrive\Desktop\SP\ccb webdev\SP3\New folder\NYP_Framework_Week01\App\Source\Scene2D\Scene2D.cpp(328,37): warning C4244: 'argument': conversion from 'T' to 'const unsigned int', possible loss of data
          with
          [
              T=float
          ]
C:\Users\sheng\OneDrive\Desktop\SP\ccb webdev\SP3\New folder\NYP_Framework_Week01\App\Source\Scene2D\Scene2D.cpp(428,20): warning C4018: '<': signed/unsigned mismatch
C:\Users\sheng\OneDrive\Desktop\SP\ccb webdev\SP3\New folder\NYP_Framework_Week01\App\Source\Scene2D\Scene2D.cpp(458,25): warning C4244: 'argument': conversion from 'float' to 'int', possible loss of data
C:\Users\sheng\OneDrive\Desktop\SP\ccb webdev\SP3\New folder\NYP_Framework_Week01\App\Source\Scene2D\Scene2D.cpp(485,20): warning C4244: '=': conversion from 'int' to 'T', possible loss of data
          with
          [
              T=float
          ]
C:\Users\sheng\OneDrive\Desktop\SP\ccb webdev\SP3\New folder\NYP_Framework_Week01\App\Source\Scene2D\Scene2D.cpp(487,20): warning C4244: '=': conversion from 'int' to 'T', possible loss of data
          with
          [
              T=float
          ]
C:\Users\sheng\OneDrive\Desktop\SP\ccb webdev\SP3\New folder\NYP_Framework_Week01\App\Source\Scene2D\Scene2D.cpp(489,38): warning C4244: 'argument': conversion from 'T' to 'const unsigned int', possible loss of data
          with
          [
              T=float
          ]
C:\Users\sheng\OneDrive\Desktop\SP\ccb webdev\SP3\New folder\NYP_Framework_Week01\App\Source\Scene2D\Scene2D.cpp(489,31): warning C4244: 'argument': conversion from 'T' to 'const unsigned int', possible loss of data
          with
          [
              T=float
          ]
C:\Users\sheng\OneDrive\Desktop\SP\ccb webdev\SP3\New folder\NYP_Framework_Week01\App\Source\Scene2D\Scene2D.cpp(505,37): warning C4244: 'argument': conversion from 'T' to 'const unsigned int', possible loss of data
          with
          [
              T=float
          ]
C:\Users\sheng\OneDrive\Desktop\SP\ccb webdev\SP3\New folder\NYP_Framework_Week01\App\Source\Scene2D\Scene2D.cpp(505,30): warning C4244: 'argument': conversion from 'T' to 'const unsigned int', possible loss of data
          with
          [
              T=float
          ]
C:\Users\sheng\OneDrive\Desktop\SP\ccb webdev\SP3\New folder\NYP_Framework_Week01\App\Source\Scene2D\Scene2D.cpp(510,37): warning C4244: 'argument': conversion from 'T' to 'const unsigned int', possible loss of data
          with
          [
              T=float
          ]
C:\Users\sheng\OneDrive\Desktop\SP\ccb webdev\SP3\New folder\NYP_Framework_Week01\App\Source\Scene2D\Scene2D.cpp(510,30): warning C4244: 'argument': conversion from 'T' to 'const unsigned int', possible loss of data
          with
          [
              T=float
          ]
C:\Users\sheng\OneDrive\Desktop\SP\ccb webdev\SP3\New folder\NYP_Framework_Week01\App\Source\Scene2D\Scene2D.cpp(515,37): warning C4244: 'argument': conversion from 'T' to 'const unsigned int', possible loss of data
          with
          [
              T=float
          ]
C:\Users\sheng\OneDrive\Desktop\SP\ccb webdev\SP3\New folder\NYP_Framework_Week01\App\Source\Scene2D\Scene2D.cpp(515,30): warning C4244: 'argument': conversion from 'T' to 'const unsigned int', possible loss of data
          with
          [
              T=float
          ]
C:\Users\sheng\OneDrive\Desktop\SP\ccb webdev\SP3\New folder\NYP_Framework_Week01\App\Source\Scene2D\Scene2D.cpp(520,37): warning C4244: 'argument': conversion from 'T' to 'const unsigned int', possible loss of data
          with
          [
              T=float
          ]
C:\Users\sheng\OneDrive\Desktop\SP\ccb webdev\SP3\New folder\NYP_Framework_Week01\App\Source\Scene2D\Scene2D.cpp(520,30): warning C4244: 'argument': conversion from 'T' to 'const unsigned int', possible loss of data
          with
          [
              T=float
          ]
C:\Users\sheng\OneDrive\Desktop\SP\ccb webdev\SP3\New folder\NYP_Framework_Week01\App\Source\Scene2D\Scene2D.cpp(562,27): warning C4018: '<': signed/unsigned mismatch
C:\Users\sheng\OneDrive\Desktop\SP\ccb webdev\SP3\New folder\NYP_Framework_Week01\App\Source\Scene2D\Scene2D.cpp(565,70): warning C4244: 'argument': conversion from 'T' to 'const unsigned int', possible loss of data
          with
          [
              T=float
          ]
C:\Users\sheng\OneDrive\Desktop\SP\ccb webdev\SP3\New folder\NYP_Framework_Week01\App\Source\Scene2D\Scene2D.cpp(565,46): warning C4244: 'argument': conversion from 'T' to 'const unsigned int', possible loss of data
          with
          [
              T=float
          ]
C:\Users\sheng\OneDrive\Desktop\SP\ccb webdev\SP3\New folder\NYP_Framework_Week01\App\Source\Scene2D\Scene2D.cpp(583,20): warning C4018: '<': signed/unsigned mismatch
C:\Users\sheng\OneDrive\Desktop\SP\ccb webdev\SP3\New folder\NYP_Framework_Week01\App\Source\Scene2D\Scene2D.cpp(684,20): warning C4018: '<': signed/unsigned mismatch
C:\Users\sheng\OneDrive\Desktop\SP\ccb webdev\SP3\New folder\NYP_Framework_Week01\App\Source\Scene2D\Scene2D.cpp(692,20): warning C4018: '<': signed/unsigned mismatch
  ghens.cpp
C:\Users\sheng\OneDrive\Desktop\SP\ccb webdev\SP3\New folder\NYP_Framework_Week01\App\Source\Scene2D\ghens.cpp(199,29): warning C4244: '+=': conversion from 'const double' to 'float', possible loss of data
C:\Users\sheng\OneDrive\Desktop\SP\ccb webdev\SP3\New folder\NYP_Framework_Week01\App\Source\Scene2D\ghens.cpp(236,47): warning C4244: 'argument': conversion from 'T' to 'const unsigned int', possible loss of data
          with
          [
              T=float
          ]
C:\Users\sheng\OneDrive\Desktop\SP\ccb webdev\SP3\New folder\NYP_Framework_Week01\App\Source\Scene2D\ghens.cpp(236,34): warning C4244: 'argument': conversion from 'T' to 'const unsigned int', possible loss of data
          with
          [
              T=float
          ]
C:\Users\sheng\OneDrive\Desktop\SP\ccb webdev\SP3\New folder\NYP_Framework_Week01\App\Source\Scene2D\ghens.cpp(276,47): warning C4244: 'argument': conversion from 'T' to 'const unsigned int', possible loss of data
          with
          [
              T=float
          ]
C:\Users\sheng\OneDrive\Desktop\SP\ccb webdev\SP3\New folder\NYP_Framework_Week01\App\Source\Scene2D\ghens.cpp(276,34): warning C4244: 'argument': conversion from 'T' to 'const unsigned int', possible loss of data
          with
          [
              T=float
          ]
C:\Users\sheng\OneDrive\Desktop\SP\ccb webdev\SP3\New folder\NYP_Framework_Week01\App\Source\Scene2D\ghens.cpp(339,47): warning C4244: 'argument': conversion from 'T' to 'const unsigned int', possible loss of data
          with
          [
              T=float
          ]
C:\Users\sheng\OneDrive\Desktop\SP\ccb webdev\SP3\New folder\NYP_Framework_Week01\App\Source\Scene2D\ghens.cpp(339,34): warning C4244: 'argument': conversion from 'T' to 'const unsigned int', possible loss of data
          with
          [
              T=float
          ]
C:\Users\sheng\OneDrive\Desktop\SP\ccb webdev\SP3\New folder\NYP_Framework_Week01\App\Source\Scene2D\ghens.cpp(365,36): warning C4244: '=': conversion from 'int' to 'T', possible loss of data
          with
          [
              T=float
          ]
C:\Users\sheng\OneDrive\Desktop\SP\ccb webdev\SP3\New folder\NYP_Framework_Week01\App\Source\Scene2D\ghens.cpp(366,36): warning C4244: '=': conversion from 'int' to 'T', possible loss of data
          with
          [
              T=float
          ]
C:\Users\sheng\OneDrive\Desktop\SP\ccb webdev\SP3\New folder\NYP_Framework_Week01\App\Source\Scene2D\ghens.cpp(368,57): warning C4244: 'argument': conversion from 'T' to 'const unsigned int', possible loss of data
          with
          [
              T=float
          ]
C:\Users\sheng\OneDrive\Desktop\SP\ccb webdev\SP3\New folder\NYP_Framework_Week01\App\Source\Scene2D\ghens.cpp(368,38): warning C4244: 'argument': conversion from 'T' to 'const unsigned int', possible loss of data
          with
          [
              T=float
          ]
C:\Users\sheng\OneDrive\Desktop\SP\ccb webdev\SP3\New folder\NYP_Framework_Week01\App\Source\Scene2D\ghens.cpp(371,60): warning C4244: 'argument': conversion from 'T' to 'const unsigned int', possible loss of data
          with
          [
              T=float
          ]
C:\Users\sheng\OneDrive\Desktop\SP\ccb webdev\SP3\New folder\NYP_Framework_Week01\App\Source\Scene2D\ghens.cpp(371,38): warning C4244: 'argument': conversion from 'T' to 'const unsigned int', possible loss of data
          with
          [
              T=float
          ]
C:\Users\sheng\OneDrive\Desktop\SP\ccb webdev\SP3\New folder\NYP_Framework_Week01\App\Source\Scene2D\ghens.cpp(377,60): warning C4244: 'argument': conversion from 'T' to 'const unsigned int', possible loss of data
          with
          [
              T=float
          ]
C:\Users\sheng\OneDrive\Desktop\SP\ccb webdev\SP3\New folder\NYP_Framework_Week01\App\Source\Scene2D\ghens.cpp(377,38): warning C4244: 'argument': conversion from 'T' to 'const unsigned int', possible loss of data
          with
          [
              T=float
          ]
C:\Users\sheng\OneDrive\Desktop\SP\ccb webdev\SP3\New folder\NYP_Framework_Week01\App\Source\Scene2D\ghens.cpp(382,61): warning C4244: 'argument': conversion from 'T' to 'const unsigned int', possible loss of data
          with
          [
              T=float
          ]
C:\Users\sheng\OneDrive\Desktop\SP\ccb webdev\SP3\New folder\NYP_Framework_Week01\App\Source\Scene2D\ghens.cpp(382,41): warning C4244: 'argument': conversion from 'T' to 'const unsigned int', possible loss of data
          with
          [
              T=float
          ]
C:\Users\sheng\OneDrive\Desktop\SP\ccb webdev\SP3\New folder\NYP_Framework_Week01\App\Source\Scene2D\ghens.cpp(387,64): warning C4244: 'argument': conversion from 'T' to 'const unsigned int', possible loss of data
          with
          [
              T=float
          ]
C:\Users\sheng\OneDrive\Desktop\SP\ccb webdev\SP3\New folder\NYP_Framework_Week01\App\Source\Scene2D\ghens.cpp(387,41): warning C4244: 'argument': conversion from 'T' to 'const unsigned int', possible loss of data
          with
          [
              T=float
          ]
C:\Users\sheng\OneDrive\Desktop\SP\ccb webdev\SP3\New folder\NYP_Framework_Week01\App\Source\Scene2D\ghens.cpp(393,64): warning C4244: 'argument': conversion from 'T' to 'const unsigned int', possible loss of data
          with
          [
              T=float
          ]
C:\Users\sheng\OneDrive\Desktop\SP\ccb webdev\SP3\New folder\NYP_Framework_Week01\App\Source\Scene2D\ghens.cpp(393,41): warning C4244: 'argument': conversion from 'T' to 'const unsigned int', possible loss of data
          with
          [
              T=float
          ]
C:\Users\sheng\OneDrive\Desktop\SP\ccb webdev\SP3\New folder\NYP_Framework_Week01\App\Source\Scene2D\ghens.cpp(399,61): warning C4244: 'argument': conversion from 'T' to 'const unsigned int', possible loss of data
          with
          [
              T=float
          ]
C:\Users\sheng\OneDrive\Desktop\SP\ccb webdev\SP3\New folder\NYP_Framework_Week01\App\Source\Scene2D\ghens.cpp(399,41): warning C4244: 'argument': conversion from 'T' to 'const unsigned int', possible loss of data
          with
          [
              T=float
          ]
C:\Users\sheng\OneDrive\Desktop\SP\ccb webdev\SP3\New folder\NYP_Framework_Week01\App\Source\Scene2D\ghens.cpp(404,64): warning C4244: 'argument': conversion from 'T' to 'const unsigned int', possible loss of data
          with
          [
              T=float
          ]
C:\Users\sheng\OneDrive\Desktop\SP\ccb webdev\SP3\New folder\NYP_Framework_Week01\App\Source\Scene2D\ghens.cpp(404,41): warning C4244: 'argument': conversion from 'T' to 'const unsigned int', possible loss of data
          with
          [
              T=float
          ]
C:\Users\sheng\OneDrive\Desktop\SP\ccb webdev\SP3\New folder\NYP_Framework_Week01\App\Source\Scene2D\ghens.cpp(410,64): warning C4244: 'argument': conversion from 'T' to 'const unsigned int', possible loss of data
          with
          [
              T=float
          ]
C:\Users\sheng\OneDrive\Desktop\SP\ccb webdev\SP3\New folder\NYP_Framework_Week01\App\Source\Scene2D\ghens.cpp(410,41): warning C4244: 'argument': conversion from 'T' to 'const unsigned int', possible loss of data
          with
          [
              T=float
          ]
C:\Users\sheng\OneDrive\Desktop\SP\ccb webdev\SP3\New folder\NYP_Framework_Week01\App\Source\Scene2D\ghens.cpp(425,30): warning C4244: '+=': conversion from 'const double' to 'float', possible loss of data
C:\Users\sheng\OneDrive\Desktop\SP\ccb webdev\SP3\New folder\NYP_Framework_Week01\App\Source\Scene2D\ghens.cpp(433,45): warning C4244: 'argument': conversion from 'T' to 'const unsigned int', possible loss of data
          with
          [
              T=float
          ]
C:\Users\sheng\OneDrive\Desktop\SP\ccb webdev\SP3\New folder\NYP_Framework_Week01\App\Source\Scene2D\ghens.cpp(433,33): warning C4244: 'argument': conversion from 'T' to 'const unsigned int', possible loss of data
          with
          [
              T=float
          ]
C:\Users\sheng\OneDrive\Desktop\SP\ccb webdev\SP3\New folder\NYP_Framework_Week01\App\Source\Scene2D\ghens.cpp(444,45): warning C4244: 'argument': conversion from 'T' to 'const unsigned int', possible loss of data
          with
          [
              T=float
          ]
C:\Users\sheng\OneDrive\Desktop\SP\ccb webdev\SP3\New folder\NYP_Framework_Week01\App\Source\Scene2D\ghens.cpp(444,33): warning C4244: 'argument': conversion from 'T' to 'const unsigned int', possible loss of data
          with
          [
              T=float
          ]
C:\Users\sheng\OneDrive\Desktop\SP\ccb webdev\SP3\New folder\NYP_Framework_Week01\App\Source\Scene2D\ghens.cpp(474,26): warning C4244: '+=': conversion from 'const double' to 'float', possible loss of data
C:\Users\sheng\OneDrive\Desktop\SP\ccb webdev\SP3\New folder\NYP_Framework_Week01\App\Source\Scene2D\ghens.cpp(478,24): warning C4244: '=': conversion from 'int' to 'T', possible loss of data
          with
          [
              T=float
          ]
C:\Users\sheng\OneDrive\Desktop\SP\ccb webdev\SP3\New folder\NYP_Framework_Week01\App\Source\Scene2D\ghens.cpp(479,24): warning C4244: '=': conversion from 'int' to 'T', possible loss of data
          with
          [
              T=float
          ]
C:\Users\sheng\OneDrive\Desktop\SP\ccb webdev\SP3\New folder\NYP_Framework_Week01\App\Source\Scene2D\ghens.cpp(480,46): warning C4244: 'argument': conversion from 'T' to 'const unsigned int', possible loss of data
          with
          [
              T=float
          ]
C:\Users\sheng\OneDrive\Desktop\SP\ccb webdev\SP3\New folder\NYP_Framework_Week01\App\Source\Scene2D\ghens.cpp(480,35): warning C4244: 'argument': conversion from 'T' to 'const unsigned int', possible loss of data
          with
          [
              T=float
          ]
C:\Users\sheng\OneDrive\Desktop\SP\ccb webdev\SP3\New folder\NYP_Framework_Week01\App\Source\Scene2D\ghens.cpp(503,79): warning C4244: 'argument': conversion from 'T' to 'const int', possible loss of data
          with
          [
              T=float
          ]
C:\Users\sheng\OneDrive\Desktop\SP\ccb webdev\SP3\New folder\NYP_Framework_Week01\App\Source\Scene2D\ghens.cpp(504,79): warning C4244: 'argument': conversion from 'T' to 'const int', possible loss of data
          with
          [
              T=float
          ]
C:\Users\sheng\OneDrive\Desktop\SP\ccb webdev\SP3\New folder\NYP_Framework_Week01\App\Source\Scene2D\ghens.cpp(578,22): warning C4244: '=': conversion from 'const int' to 'T', possible loss of data
          with
          [
              T=float
          ]
C:\Users\sheng\OneDrive\Desktop\SP\ccb webdev\SP3\New folder\NYP_Framework_Week01\App\Source\Scene2D\ghens.cpp(579,22): warning C4244: '=': conversion from 'const int' to 'T', possible loss of data
          with
          [
              T=float
          ]
C:\Users\sheng\OneDrive\Desktop\SP\ccb webdev\SP3\New folder\NYP_Framework_Week01\App\Source\Scene2D\ghens.cpp(589,33): warning C4244: '=': conversion from 'const int' to 'T', possible loss of data
          with
          [
              T=float
          ]
C:\Users\sheng\OneDrive\Desktop\SP\ccb webdev\SP3\New folder\NYP_Framework_Week01\App\Source\Scene2D\ghens.cpp(590,33): warning C4244: '=': conversion from 'const int' to 'T', possible loss of data
          with
          [
              T=float
          ]
C:\Users\sheng\OneDrive\Desktop\SP\ccb webdev\SP3\New folder\NYP_Framework_Week01\App\Source\Scene2D\ghens.cpp(634,52): warning C4244: '=': conversion from 'int' to 'T', possible loss of data
          with
          [
              T=float
          ]
C:\Users\sheng\OneDrive\Desktop\SP\ccb webdev\SP3\New folder\NYP_Framework_Week01\App\Source\Scene2D\ghens.cpp(642,52): warning C4244: '=': conversion from 'int' to 'T', possible loss of data
          with
          [
              T=float
          ]
C:\Users\sheng\OneDrive\Desktop\SP\ccb webdev\SP3\New folder\NYP_Framework_Week01\App\Source\Scene2D\ghens.cpp(672,49): warning C4244: 'argument': conversion from 'T' to 'const unsigned int', possible loss of data
          with
          [
              T=float
          ]
C:\Users\sheng\OneDrive\Desktop\SP\ccb webdev\SP3\New folder\NYP_Framework_Week01\App\Source\Scene2D\ghens.cpp(672,36): warning C4244: 'argument': conversion from 'T' to 'const unsigned int', possible loss of data
          with
          [
              T=float
          ]
C:\Users\sheng\OneDrive\Desktop\SP\ccb webdev\SP3\New folder\NYP_Framework_Week01\App\Source\Scene2D\ghens.cpp(681,50): warning C4244: 'argument': conversion from 'T' to 'const unsigned int', possible loss of data
          with
          [
              T=float
          ]
C:\Users\sheng\OneDrive\Desktop\SP\ccb webdev\SP3\New folder\NYP_Framework_Week01\App\Source\Scene2D\ghens.cpp(681,37): warning C4244: 'argument': conversion from 'T' to 'const unsigned int', possible loss of data
          with
          [
              T=float
          ]
C:\Users\sheng\OneDrive\Desktop\SP\ccb webdev\SP3\New folder\NYP_Framework_Week01\App\Source\Scene2D\ghens.cpp(682,51): warning C4244: 'argument': conversion from 'T' to 'const unsigned int', possible loss of data
          with
          [
              T=float
          ]
C:\Users\sheng\OneDrive\Desktop\SP\ccb webdev\SP3\New folder\NYP_Framework_Week01\App\Source\Scene2D\ghens.cpp(682,37): warning C4244: 'argument': conversion from 'T' to 'const unsigned int', possible loss of data
          with
          [
              T=float
          ]
C:\Users\sheng\OneDrive\Desktop\SP\ccb webdev\SP3\New folder\NYP_Framework_Week01\App\Source\Scene2D\ghens.cpp(701,52): warning C4244: 'argument': conversion from 'T' to 'const unsigned int', possible loss of data
          with
          [
              T=float
          ]
C:\Users\sheng\OneDrive\Desktop\SP\ccb webdev\SP3\New folder\NYP_Framework_Week01\App\Source\Scene2D\ghens.cpp(701,36): warning C4244: 'argument': conversion from 'T' to 'const unsigned int', possible loss of data
          with
          [
              T=float
          ]
C:\Users\sheng\OneDrive\Desktop\SP\ccb webdev\SP3\New folder\NYP_Framework_Week01\App\Source\Scene2D\ghens.cpp(710,53): warning C4244: 'argument': conversion from 'T' to 'const unsigned int', possible loss of data
          with
          [
              T=float
          ]
C:\Users\sheng\OneDrive\Desktop\SP\ccb webdev\SP3\New folder\NYP_Framework_Week01\App\Source\Scene2D\ghens.cpp(710,37): warning C4244: 'argument': conversion from 'T' to 'const unsigned int', possible loss of data
          with
          [
              T=float
          ]
C:\Users\sheng\OneDrive\Desktop\SP\ccb webdev\SP3\New folder\NYP_Framework_Week01\App\Source\Scene2D\ghens.cpp(711,54): warning C4244: 'argument': conversion from 'T' to 'const unsigned int', possible loss of data
          with
          [
              T=float
          ]
C:\Users\sheng\OneDrive\Desktop\SP\ccb webdev\SP3\New folder\NYP_Framework_Week01\App\Source\Scene2D\ghens.cpp(711,37): warning C4244: 'argument': conversion from 'T' to 'const unsigned int', possible loss of data
          with
          [
              T=float
          ]
C:\Users\sheng\OneDrive\Desktop\SP\ccb webdev\SP3\New folder\NYP_Framework_Week01\App\Source\Scene2D\ghens.cpp(731,53): warning C4244: 'argument': conversion from 'T' to 'const unsigned int', possible loss of data
          with
          [
              T=float
          ]
C:\Users\sheng\OneDrive\Desktop\SP\ccb webdev\SP3\New folder\NYP_Framework_Week01\App\Source\Scene2D\ghens.cpp(731,39): warning C4244: 'argument': conversion from 'T' to 'const unsigned int', possible loss of data
          with
          [
              T=float
          ]
C:\Users\sheng\OneDrive\Desktop\SP\ccb webdev\SP3\New folder\NYP_Framework_Week01\App\Source\Scene2D\ghens.cpp(740,54): warning C4244: 'argument': conversion from 'T' to 'const unsigned int', possible loss of data
          with
          [
              T=float
          ]
C:\Users\sheng\OneDrive\Desktop\SP\ccb webdev\SP3\New folder\NYP_Framework_Week01\App\Source\Scene2D\ghens.cpp(740,40): warning C4244: 'argument': conversion from 'T' to 'const unsigned int', possible loss of data
          with
          [
              T=float
          ]
C:\Users\sheng\OneDrive\Desktop\SP\ccb webdev\SP3\New folder\NYP_Framework_Week01\App\Source\Scene2D\ghens.cpp(741,54): warning C4244: 'argument': conversion from 'T' to 'const unsigned int', possible loss of data
          with
          [
              T=float
          ]
C:\Users\sheng\OneDrive\Desktop\SP\ccb webdev\SP3\New folder\NYP_Framework_Week01\App\Source\Scene2D\ghens.cpp(741,37): warning C4244: 'argument': conversion from 'T' to 'const unsigned int', possible loss of data
          with
          [
              T=float
          ]
C:\Users\sheng\OneDrive\Desktop\SP\ccb webdev\SP3\New folder\NYP_Framework_Week01\App\Source\Scene2D\ghens.cpp(753,49): warning C4244: 'argument': conversion from 'T' to 'const unsigned int', possible loss of data
          with
          [
              T=float
          ]
C:\Users\sheng\OneDrive\Desktop\SP\ccb webdev\SP3\New folder\NYP_Framework_Week01\App\Source\Scene2D\ghens.cpp(753,36): warning C4244: 'argument': conversion from 'T' to 'const unsigned int', possible loss of data
          with
          [
              T=float
          ]
C:\Users\sheng\OneDrive\Desktop\SP\ccb webdev\SP3\New folder\NYP_Framework_Week01\App\Source\Scene2D\ghens.cpp(762,50): warning C4244: 'argument': conversion from 'T' to 'const unsigned int', possible loss of data
          with
          [
              T=float
          ]
C:\Users\sheng\OneDrive\Desktop\SP\ccb webdev\SP3\New folder\NYP_Framework_Week01\App\Source\Scene2D\ghens.cpp(762,37): warning C4244: 'argument': conversion from 'T' to 'const unsigned int', possible loss of data
          with
          [
              T=float
          ]
C:\Users\sheng\OneDrive\Desktop\SP\ccb webdev\SP3\New folder\NYP_Framework_Week01\App\Source\Scene2D\ghens.cpp(763,50): warning C4244: 'argument': conversion from 'T' to 'const unsigned int', possible loss of data
          with
          [
              T=float
          ]
C:\Users\sheng\OneDrive\Desktop\SP\ccb webdev\SP3\New folder\NYP_Framework_Week01\App\Source\Scene2D\ghens.cpp(763,34): warning C4244: 'argument': conversion from 'T' to 'const unsigned int', possible loss of data
          with
          [
              T=float
          ]
C:\Users\sheng\OneDrive\Desktop\SP\ccb webdev\SP3\New folder\NYP_Framework_Week01\App\Source\Scene2D\ghens.cpp(786,49): warning C4244: 'argument': conversion from 'T' to 'const unsigned int', possible loss of data
          with
          [
              T=float
          ]
C:\Users\sheng\OneDrive\Desktop\SP\ccb webdev\SP3\New folder\NYP_Framework_Week01\App\Source\Scene2D\ghens.cpp(786,35): warning C4244: 'argument': conversion from 'T' to 'const unsigned int', possible loss of data
          with
          [
              T=float
          ]
C:\Users\sheng\OneDrive\Desktop\SP\ccb webdev\SP3\New folder\NYP_Framework_Week01\App\Source\Scene2D\ghens.cpp(807,24): warning C4244: 'initializing': conversion from 'T' to 'int', possible loss of data
          with
          [
              T=float
          ]
C:\Users\sheng\OneDrive\Desktop\SP\ccb webdev\SP3\New folder\NYP_Framework_Week01\App\Source\Scene2D\ghens.cpp(827,29): warning C4244: 'initializing': conversion from 'T' to 'int', possible loss of data
          with
          [
              T=float
          ]
C:\Users\sheng\OneDrive\Desktop\SP\ccb webdev\SP3\New folder\NYP_Framework_Week01\App\Source\Scene2D\ghens.cpp(831,18): warning C4244: '=': conversion from 'int' to 'T', possible loss of data
          with
          [
              T=float
          ]
C:\Users\sheng\OneDrive\Desktop\SP\ccb webdev\SP3\New folder\NYP_Framework_Week01\App\Source\Scene2D\ghens.cpp(861,24): warning C4244: 'initializing': conversion from 'T' to 'int', possible loss of data
          with
          [
              T=float
          ]
C:\Users\sheng\OneDrive\Desktop\SP\ccb webdev\SP3\New folder\NYP_Framework_Week01\App\Source\Scene2D\ghens.cpp(868,60): warning C4244: '-=': conversion from 'double' to 'T', possible loss of data
          with
          [
              T=float
          ]
C:\Users\sheng\OneDrive\Desktop\SP\ccb webdev\SP3\New folder\NYP_Framework_Week01\App\Source\Scene2D\ghens.cpp(871,73): warning C4244: '=': conversion from 'int' to 'T', possible loss of data
          with
          [
              T=float
          ]
C:\Users\sheng\OneDrive\Desktop\SP\ccb webdev\SP3\New folder\NYP_Framework_Week01\App\Source\Scene2D\ghens.cpp(881,29): warning C4244: 'initializing': conversion from 'T' to 'int', possible loss of data
          with
          [
              T=float
          ]
C:\Users\sheng\OneDrive\Desktop\SP\ccb webdev\SP3\New folder\NYP_Framework_Week01\App\Source\Scene2D\ghens.cpp(885,18): warning C4244: '=': conversion from 'int' to 'T', possible loss of data
          with
          [
              T=float
          ]
C:\Users\sheng\OneDrive\Desktop\SP\ccb webdev\SP3\New folder\NYP_Framework_Week01\App\Source\Scene2D\ghens.cpp(891,22): warning C4244: '=': conversion from 'int' to 'T', possible loss of data
          with
          [
              T=float
          ]
C:\Users\sheng\OneDrive\Desktop\SP\ccb webdev\SP3\New folder\NYP_Framework_Week01\App\Source\Scene2D\ghens.cpp(937,13): warning C4244: 'initializing': conversion from 'double' to 'float', possible loss of data
C:\Users\sheng\OneDrive\Desktop\SP\ccb webdev\SP3\New folder\NYP_Framework_Week01\App\Source\Scene2D\ghens.cpp(938,13): warning C4244: 'initializing': conversion from 'double' to 'float', possible loss of data
C:\Users\sheng\OneDrive\Desktop\SP\ccb webdev\SP3\New folder\NYP_Framework_Week01\App\Source\Scene2D\ghens.cpp(998,34): warning C4244: '=': conversion from 'int' to 'T', possible loss of data
          with
          [
              T=float
          ]
C:\Users\sheng\OneDrive\Desktop\SP\ccb webdev\SP3\New folder\NYP_Framework_Week01\App\Source\Scene2D\ghens.cpp(999,34): warning C4244: '=': conversion from 'int' to 'T', possible loss of data
          with
          [
              T=float
          ]
C:\Users\sheng\OneDrive\Desktop\SP\ccb webdev\SP3\New folder\NYP_Framework_Week01\App\Source\Scene2D\ghens.cpp(1029,34): warning C4244: 'initializing': conversion from 'T' to 'int', possible loss of data
          with
          [
              T=float
          ]
C:\Users\sheng\OneDrive\Desktop\SP\ccb webdev\SP3\New folder\NYP_Framework_Week01\App\Source\Scene2D\ghens.cpp(1029,23): warning C4244: 'initializing': conversion from 'T' to 'const int', possible loss of data
          with
          [
              T=float
          ]
C:\Users\sheng\OneDrive\Desktop\SP\ccb webdev\SP3\New folder\NYP_Framework_Week01\App\Source\Scene2D\ghens.cpp(1035,73): warning C4244: '=': conversion from 'int' to 'T', possible loss of data
          with
          [
              T=float
          ]
C:\Users\sheng\OneDrive\Desktop\SP\ccb webdev\SP3\New folder\NYP_Framework_Week01\App\Source\Scene2D\ghens.cpp(1061,34): warning C4244: 'initializing': conversion from 'T' to 'int', possible loss of data
          with
          [
              T=float
          ]
C:\Users\sheng\OneDrive\Desktop\SP\ccb webdev\SP3\New folder\NYP_Framework_Week01\App\Source\Scene2D\ghens.cpp(1061,23): warning C4244: 'initializing': conversion from 'T' to 'const int', possible loss of data
          with
          [
              T=float
          ]
C:\Users\sheng\OneDrive\Desktop\SP\ccb webdev\SP3\New folder\NYP_Framework_Week01\App\Source\Scene2D\ghens.cpp(1098,34): warning C4244: 'initializing': conversion from 'T' to 'int', possible loss of data
          with
          [
              T=float
          ]
C:\Users\sheng\OneDrive\Desktop\SP\ccb webdev\SP3\New folder\NYP_Framework_Week01\App\Source\Scene2D\ghens.cpp(1098,23): warning C4244: 'initializing': conversion from 'T' to 'const int', possible loss of data
          with
          [
              T=float
          ]
C:\Users\sheng\OneDrive\Desktop\SP\ccb webdev\SP3\New folder\NYP_Framework_Week01\App\Source\Scene2D\ghens.cpp(1133,34): warning C4244: 'initializing': conversion from 'T' to 'int', possible loss of data
          with
          [
              T=float
          ]
C:\Users\sheng\OneDrive\Desktop\SP\ccb webdev\SP3\New folder\NYP_Framework_Week01\App\Source\Scene2D\ghens.cpp(1133,23): warning C4244: 'initializing': conversion from 'T' to 'const int', possible loss of data
          with
          [
              T=float
          ]
C:\Users\sheng\OneDrive\Desktop\SP\ccb webdev\SP3\New folder\NYP_Framework_Week01\App\Source\Scene2D\ghens.cpp(1139,73): warning C4244: '=': conversion from 'int' to 'T', possible loss of data
          with
          [
              T=float
          ]
  Generating Code...
LINK : warning LNK4098: defaultlib 'MSVCRT' conflicts with use of other libs; use /NODEFAULTLIB:library
  App.vcxproj -> C:\Users\sheng\OneDrive\Desktop\SP\ccb webdev\SP3\New folder\NYP_Framework_Week01\Debug\App.exe
